{"numFailedTestSuites":1,"numFailedTests":1,"numPassedTestSuites":0,"numPassedTests":0,"numPendingTestSuites":0,"numPendingTests":0,"numRuntimeErrorTestSuites":0,"numTodoTests":0,"numTotalTestSuites":1,"numTotalTests":1,"openHandles":[],"snapshot":{"added":0,"didUpdate":false,"failure":false,"filesAdded":0,"filesRemoved":0,"filesRemovedList":[],"filesUnmatched":0,"filesUpdated":0,"matched":0,"total":0,"unchecked":0,"uncheckedKeysByFile":[],"unmatched":0,"updated":0},"startTime":1772697168190,"success":false,"testResults":[{"assertionResults":[{"ancestorTitles":[],"failureMessages":["TestingLibraryElementError: Found multiple elements with the text: (_content, node) => {\n    const text = (node === null || node === void 0 ? void 0 : node.textContent) || '';\n    const normalized = text.replace(/[‐‑‒–−-]/g, '-');\n    return /tic-tac-toe/i.test(normalized);\n  }\n\nHere are the matching elements:\n\nIgnored nodes: comments, script, style\n\u001b[36m<body>\u001b[39m\n  \u001b[36m<div>\u001b[39m\n    \u001b[36m<div\u001b[39m\n      \u001b[33mclass\u001b[39m=\u001b[32m\"App\"\u001b[39m\n    \u001b[36m>\u001b[39m\n      \u001b[36m<main\u001b[39m\n        \u001b[33mclass\u001b[39m=\u001b[32m\"page\"\u001b[39m\n      \u001b[36m>\u001b[39m\n        \u001b[36m<header\u001b[39m\n          \u001b[33mclass\u001b[39m=\u001b[32m\"header\"\u001b[39m\n        \u001b[36m>\u001b[39m\n          \u001b[36m<div\u001b[39m\n            \u001b[33mclass\u001b[39m=\u001b[32m\"brand\"\u001b[39m\n          \u001b[36m>\u001b[39m\n            \u001b[36m<div\u001b[39m\n              \u001b[33maria-hidden\u001b[39m=\u001b[32m\"true\"\u001b[39m\n              \u001b[33mclass\u001b[39m=\u001b[32m\"badge\"\u001b[39m\n            \u001b[36m>\u001b[39m\n              \u001b[0mTTT\u001b[0m\n            \u001b[36m</div>\u001b[39m\n            \u001b[36m<div\u001b[39m\n              \u001b[33mclass\u001b[39m=\u001b[32m\"brandText\"\u001b[39m\n            \u001b[36m>\u001b[39m\n              \u001b[36m<h1\u001b[39m\n                \u001b[33mclass\u001b[39m=\u001b[32m\"title\"\u001b[39m\n              \u001b[36m>\u001b[39m\n                \u001b[0mTic‑Tac‑Toe\u001b[0m\n              \u001b[36m</h1>\u001b[39m\n              \u001b[36m<p\u001b[39m\n                \u001b[33mclass\u001b[39m=\u001b[32m\"subtitle\"\u001b[39m\n              \u001b[36m>\u001b[39m\n                \u001b[0mClassic 3×3 — local two‑player\u001b[0m\n              \u001b[36m</p>\u001b[39m\n            \u001b[36m</div>\u001b[39m\n          \u001b[36m</div>\u001b[39m\n        \u001b[36m</header>\u001b[39m\n        \u001b[36m<section\u001b[39m\n          \u001b[33maria-label\u001b[39m=\u001b[32m\"Game\"\u001b[39m\n          \u001b[33mclass\u001b[39m=\u001b[32m\"card\"\u001b[39m\n        \u001b[36m>\u001b[39m\n          \u001b[36m<div\u001b[39m\n            \u001b[33mclass\u001b[39m=\u001b[32m\"statusRow\"\u001b[39m\n          \u001b[36m>\u001b[39m\n            \u001b[36m<div\u001b[39m\n              \u001b[33maria-live\u001b[39m=\u001b[32m\"polite\"\u001b[39m\n              \u001b[33mclass\u001b[39m=\u001b[32m\"status\"\u001b[39m\n              \u001b[33mrole\u001b[39m=\u001b[32m\"status\"\u001b[39m\n            \u001b[36m>\u001b[39m\n              \u001b[36m<span\u001b[39m\n                \u001b[33mclass\u001b[39m=\u001b[32m\"statusLabel\"\u001b[39m\n              \u001b[36m>\u001b[39m\n                \u001b[0mStatus\u001b[0m\n              \u001b[36m</span>\u001b[39m\n              \u001b[36m<span\u001b[39m\n                \u001b[33mclass\u001b[39m=\u001b[32m\"statusValue \"\u001b[39m\n              \u001b[36m>\u001b[39m\n                \u001b[0mTurn: X\u001b[0m\n              \u001b[36m</span>\u001b[39m\n            \u001b[36m</div>\u001b[39m\n            \u001b[36m<div\u001b[39m\n              \u001b[33maria-label\u001b[39m=\u001b[32m\"Current player\"\u001b[39m\n              \u001b[33mclass\u001b[39m=\u001b[32m\"turnPills\"\u001b[39m\n            \u001b[36m>\u001b[39m\n              \u001b[36m<span\u001b[39m\n                \u001b[33mclass\u001b[39m=\u001b[32m\"pill pillActive\"\u001b[39m\n              \u001b[36m>\u001b[39m\n                \u001b[0mX\u001b[0m\n              \u001b[36m</span>\u001b[39m\n              \u001b[36m<span\u001b[39m\n                \u001b[33mclass\u001b[39m=\u001b[32m\"pill \"\u001b[39m\n              \u001b[36m>\u001b[39m\n                \u001b[0mO\u001b[0m\n              \u001b[36m</span>\u001b[39m\n            \u001b[36m</div>\u001b[39m\n          \u001b[36m</div>\u001b[39m\n          \u001b[36m<div\u001b[39m\n            \u001b[33mclass\u001b[39m=\u001b[32m\"boardWrap\"\u001b[39m\n          \u001b[36m>\u001b[39m\n            \u001b[36m<div\u001b[39m\n              \u001b[33maria-label\u001b[39m=\u001b[32m\"Tic tac toe board\"\u001b[39m\n              \u001b[33mclass\u001b[39m=\u001b[32m\"board\"\u001b[39m\n              \u001b[33mrole\u001b[39m=\u001b[32m\"grid\"\u001b[39m\n            \u001b[36m>\u001b[39m\n              \u001b[36m<button\u001b[39m\n                \u001b[33maria-disabled\u001b[39m=\u001b[32m\"false\"\u001b[39m\n                \u001b[33maria-label\u001b[39m=\u001b[32m\"Square 1\"\u001b[39m\n                \u001b[33mclass\u001b[39m=\u001b[32m\"square  \"\u001b[39m\n                \u001b[33mrole\u001b[39m=\u001b[32m\"gridcell\"\u001b[39m\n                \u001b[33mtype\u001b[39m=\u001b[32m\"button\"\u001b[39m\n              \u001b[36m>\u001b[39m\n                \u001b[36m<span\u001b[39m\n                  \u001b[33maria-hidden\u001b[39m=\u001b[32m\"true\"\u001b[39m\n                  \u001b[33mclass\u001b[39m=\u001b[32m\"squareValue\"\u001b[39m\n                \u001b[36m/>\u001b[39m\n              \u001b[36m</button>\u001b[39m\n              \u001b[36m<button\u001b[39m\n                \u001b[33maria-disabled\u001b[39m=\u001b[32m\"false\"\u001b[39m\n                \u001b[33maria-label\u001b[39m=\u001b[32m\"Square 2\"\u001b[39m\n                \u001b[33mclass\u001b[39m=\u001b[32m\"square  \"\u001b[39m\n                \u001b[33mrole\u001b[39m=\u001b[32m\"gridcell\"\u001b[39m\n                \u001b[33mtype\u001b[39m=\u001b[32m\"button\"\u001b[39m\n              \u001b[36m>\u001b[39m\n                \u001b[36m<span\u001b[39m\n                  \u001b[33maria-hidden\u001b[39m=\u001b[32m\"true\"\u001b[39m\n                  \u001b[33mclass\u001b[39m=\u001b[32m\"squareValue\"\u001b[39m\n                \u001b[36m/>\u001b[39m\n              \u001b[36m</button>\u001b[39m\n              \u001b[36m<button\u001b[39m\n                \u001b[33maria-disabled\u001b[39m=\u001b[32m\"false\"\u001b[39m\n                \u001b[33maria-label\u001b[39m=\u001b[32m\"Square 3\"\u001b[39m\n                \u001b[33mclass\u001b[39m=\u001b[32m\"square  \"\u001b[39m\n                \u001b[33mrole\u001b[39m=\u001b[32m\"gridcell\"\u001b[39m\n                \u001b[33mtype\u001b[39m=\u001b[32m\"button\"\u001b[39m\n              \u001b[36m>\u001b[39m\n                \u001b[36m<span\u001b[39m\n                  \u001b[33maria-hidden\u001b[39m=\u001b[32m\"true\"\u001b[39m\n                  \u001b[33mclass\u001b[39m=\u001b[32m\"squareValue\"\u001b[39m\n                \u001b[36m/>\u001b[39m\n              \u001b[36m</button>\u001b[39m\n              \u001b[36m<button\u001b[39m\n                \u001b[33maria-disabled\u001b[39m=\u001b[32m\"false\"\u001b[39m\n                \u001b[33maria-label\u001b[39m=\u001b[32m\"Square 4\"\u001b[39m\n                \u001b[33mclass\u001b[39m=\u001b[32m\"square  \"\u001b[39m\n                \u001b[33mrole\u001b[39m=\u001b[32m\"gridcell\"\u001b[39m\n                \u001b[33mtype\u001b[39m=\u001b[32m\"button\"\u001b[39m\n              \u001b[36m>\u001b[39m\n                \u001b[36m<span\u001b[39m\n                  \u001b[33maria-hidden\u001b[39m=\u001b[32m\"true\"\u001b[39m\n                  \u001b[33mclass\u001b[39m=\u001b[32m\"squareValue\"\u001b[39m\n                \u001b[36m/>\u001b[39m\n              \u001b[36m</button>\u001b[39m\n              \u001b[36m<button\u001b[39m\n                \u001b[33maria-disabled\u001b[39m=\u001b[32m\"false\"\u001b[39m\n                \u001b[33maria-label\u001b[39m=\u001b[32m\"Square 5\"\u001b[39m\n                \u001b[33mclass\u001b[39m=\u001b[32m\"square  \"\u001b[39m\n                \u001b[33mrole\u001b[39m=\u001b[32m\"gridcell\"\u001b[39m\n                \u001b[33mtype\u001b[39m=\u001b[32m\"button\"\u001b[39m\n              \u001b[36m>\u001b[39m\n                \u001b[36m<span\u001b[39m\n                  \u001b[33maria-hidden\u001b[39m=\u001b[32m\"true\"\u001b[39m\n                  \u001b[33mclass\u001b[39m=\u001b[32m\"squareValue\"\u001b[39m\n                \u001b[36m/>\u001b[39m\n              \u001b[36m</button>\u001b[39m\n              \u001b[36m<button\u001b[39m\n                \u001b[33maria-disabled\u001b[39m=\u001b[32m\"false\"\u001b[39m\n                \u001b[33maria-label\u001b[39m=\u001b[32m\"Square 6\"\u001b[39m\n                \u001b[33mclass\u001b[39m=\u001b[32m\"square  \"\u001b[39m\n                \u001b[33mrole\u001b[39m=\u001b[32m\"gridcell\"\u001b[39m\n                \u001b[33mtype\u001b[39m=\u001b[32m\"button\"\u001b[39m\n              \u001b[36m>\u001b[39m\n                \u001b[36m<span\u001b[39m\n                  \u001b[33maria-hidden\u001b[39m=\u001b[32m\"true\"\u001b[39m\n                  \u001b[33mclass\u001b[39m=\u001b[32m\"squareValue\"\u001b[39m\n                \u001b[36m/>\u001b[39m\n              \u001b[36m</button>\u001b[39m\n              \u001b[36m<button\u001b[39m\n                \u001b[33maria-disabled\u001b[39m=\u001b[32m\"false\"\u001b[39m\n                \u001b[33maria-label\u001b[39m=\u001b[32m\"Square 7\"\u001b[39m\n                \u001b[33mclass\u001b[39m=\u001b[32m\"square  \"\u001b[39m\n                \u001b[33mrole\u001b[39m=\u001b[32m\"gridcell\"\u001b[39m\n                \u001b[33mtype\u001b[39m=\u001b[32m\"button\"\u001b[39m\n              \u001b[36m>\u001b[39m\n                \u001b[36m<span\u001b[39m\n                  \u001b[33maria-hidden\u001b[39m=\u001b[32m\"true\"\u001b[39m\n                  \u001b[33mclass\u001b[39m=\u001b[32m\"squareValue\"\u001b[39m\n                \u001b[36m/>\u001b[39m\n              \u001b[36m</button>\u001b[39m\n              \u001b[36m<button\u001b[39m\n                \u001b[33maria-disabled\u001b[39m=\u001b[32m\"false\"\u001b[39m\n                \u001b[33maria-label\u001b[39m=\u001b[32m\"Square 8\"\u001b[39m\n                \u001b[33mclass\u001b[39m=\u001b[32m\"square  \"\u001b[39m\n                \u001b[33mrole\u001b[39m=\u001b[32m\"gridcell\"\u001b[39m\n                \u001b[33mtype\u001b[39m=\u001b[32m\"button\"\u001b[39m\n              \u001b[36m>\u001b[39m\n                \u001b[36m<span\u001b[39m\n                  \u001b[33maria-hidden\u001b[39m=\u001b[32m\"true\"\u001b[39m\n                  \u001b[33mclass\u001b[39m=\u001b[32m\"squareValue\"\u001b[39m\n                \u001b[36m/>\u001b[39m\n              \u001b[36m</button>\u001b[39m\n              \u001b[36m<button\u001b[39m\n                \u001b[33maria-disabled\u001b[39m=\u001b[32m\"false\"\u001b[39m\n                \u001b[33maria-label\u001b[39m=\u001b[32m\"Square 9\"\u001b[39m\n                \u001b[33mclass\u001b[39m=\u001b[32m\"square  \"\u001b[39m\n                \u001b[33mrole\u001b[39m=\u001b[32m\"gridcell\"\u001b[39m\n                \u001b[33mtype\u001b[39m=\u001b[32m\"button\"\u001b[39m\n              \u001b[36m>\u001b[39m\n                \u001b[36m<span\u001b[39m\n                  \u001b[33maria-hidden\u001b[39m=\u001b[32m\"true\"\u001b[39m\n                  \u001b[33mclass\u001b[39m=\u001b[32m\"squareValue\"\u001b[39m\n                \u001b[36m/>\u001b[39m\n              \u001b[36m</button>\u001b[39m\n            \u001b[36m</div>\u001b[39m\n          \u001b[36m</div>\u001b[39m\n          \u001b[36m<div\u001b[39m\n            \u001b[33maria-label\u001b[39m=\u001b[32m\"Controls\"\u001b[39m\n            \u001b[33mclass\u001b[39m=\u001b[32m\"controls\"\u001b[39m\n          \u001b[36m>\u001b[39m\n            \u001b[36m<button\u001b[39m\n              \u001b[33mclass\u001b[39m=\u001b[32m\"btn btnPrimary\"\u001b[39m\n              \u001b[33mtype\u001b[39m=\u001b[32m\"button\"\u001b[39m\n            \u001b[36m>\u001b[39m\n              \u001b[0mRestart\u001b[0m\n            \u001b[36m</button>\u001b[39m\n            \u001b[36m<button\u001b[39m\n              \u001b[33mclass\u001b[39m=\u001b[32m\"btn btnSecondary\"\u001b[39m\n              \u001b[33mtitle\u001b[39m=\u001b[32m\"Clear the board and alternate who starts\"\u001b[39m\n              \u001b[33mtype\u001b[39m=\u001b[32m\"button\"\u001b[39m\n            \u001b[36m>\u001b[39m\n              \u001b[0mNew game (alternate start)\u001b[0m\n            \u001b[36m</button>\u001b[39m\n          \u001b[36m</div>\u001b[39m\n          \u001b[36m<p\u001b[39m\n            \u001b[33mclass\u001b[39m=\u001b[32m\"helper\"\u001b[39m\n          \u001b[36m>\u001b[39m\n            \u001b[0mTip: You can use keyboard navigation (Tab) to focus squares and press Enter/Space to place a mark.\u001b[0m\n          \u001b[36m</p>\u001b[39m\n        \u001b[36m</section>\u001b[39m\n        \u001b[36m<footer\u001b[39m\n          \u001b[33mclass\u001b[39m=\u001b[32m\"footer\"\u001b[39m\n        \u001b[36m>\u001b[39m\n          \u001b[36m<span\u001b[39m\n            \u001b[33mclass\u001b[39m=\u001b[32m\"footerText\"\u001b[39m\n          \u001b[36m>\u001b[39m\n            \u001b[0mFrontend‑only • No network required\u001b[0m\n          \u001b[36m</span>\u001b[39m\n        \u001b[36m</footer>\u001b[39m\n      \u001b[36m</main>\u001b[39m\n    \u001b[36m</div>\u001b[39m\n  \u001b[36m</div>\u001b[39m\n\u001b[36m</body>\u001b[39m\n\nIgnored nodes: comments, script, style\n\u001b[36m<div>\u001b[39m\n  \u001b[36m<div\u001b[39m\n    \u001b[33mclass\u001b[39m=\u001b[32m\"App\"\u001b[39m\n  \u001b[36m>\u001b[39m\n    \u001b[36m<main\u001b[39m\n      \u001b[33mclass\u001b[39m=\u001b[32m\"page\"\u001b[39m\n    \u001b[36m>\u001b[39m\n      \u001b[36m<header\u001b[39m\n        \u001b[33mclass\u001b[39m=\u001b[32m\"header\"\u001b[39m\n      \u001b[36m>\u001b[39m\n        \u001b[36m<div\u001b[39m\n          \u001b[33mclass\u001b[39m=\u001b[32m\"brand\"\u001b[39m\n        \u001b[36m>\u001b[39m\n          \u001b[36m<div\u001b[39m\n            \u001b[33maria-hidden\u001b[39m=\u001b[32m\"true\"\u001b[39m\n            \u001b[33mclass\u001b[39m=\u001b[32m\"badge\"\u001b[39m\n          \u001b[36m>\u001b[39m\n            \u001b[0mTTT\u001b[0m\n          \u001b[36m</div>\u001b[39m\n          \u001b[36m<div\u001b[39m\n            \u001b[33mclass\u001b[39m=\u001b[32m\"brandText\"\u001b[39m\n          \u001b[36m>\u001b[39m\n            \u001b[36m<h1\u001b[39m\n              \u001b[33mclass\u001b[39m=\u001b[32m\"title\"\u001b[39m\n            \u001b[36m>\u001b[39m\n              \u001b[0mTic‑Tac‑Toe\u001b[0m\n            \u001b[36m</h1>\u001b[39m\n            \u001b[36m<p\u001b[39m\n              \u001b[33mclass\u001b[39m=\u001b[32m\"subtitle\"\u001b[39m\n            \u001b[36m>\u001b[39m\n              \u001b[0mClassic 3×3 — local two‑player\u001b[0m\n            \u001b[36m</p>\u001b[39m\n          \u001b[36m</div>\u001b[39m\n        \u001b[36m</div>\u001b[39m\n      \u001b[36m</header>\u001b[39m\n      \u001b[36m<section\u001b[39m\n        \u001b[33maria-label\u001b[39m=\u001b[32m\"Game\"\u001b[39m\n        \u001b[33mclass\u001b[39m=\u001b[32m\"card\"\u001b[39m\n      \u001b[36m>\u001b[39m\n        \u001b[36m<div\u001b[39m\n          \u001b[33mclass\u001b[39m=\u001b[32m\"statusRow\"\u001b[39m\n        \u001b[36m>\u001b[39m\n          \u001b[36m<div\u001b[39m\n            \u001b[33maria-live\u001b[39m=\u001b[32m\"polite\"\u001b[39m\n            \u001b[33mclass\u001b[39m=\u001b[32m\"status\"\u001b[39m\n            \u001b[33mrole\u001b[39m=\u001b[32m\"status\"\u001b[39m\n          \u001b[36m>\u001b[39m\n            \u001b[36m<span\u001b[39m\n              \u001b[33mclass\u001b[39m=\u001b[32m\"statusLabel\"\u001b[39m\n            \u001b[36m>\u001b[39m\n              \u001b[0mStatus\u001b[0m\n            \u001b[36m</span>\u001b[39m\n            \u001b[36m<span\u001b[39m\n              \u001b[33mclass\u001b[39m=\u001b[32m\"statusValue \"\u001b[39m\n            \u001b[36m>\u001b[39m\n              \u001b[0mTurn: X\u001b[0m\n            \u001b[36m</span>\u001b[39m\n          \u001b[36m</div>\u001b[39m\n          \u001b[36m<div\u001b[39m\n            \u001b[33maria-label\u001b[39m=\u001b[32m\"Current player\"\u001b[39m\n            \u001b[33mclass\u001b[39m=\u001b[32m\"turnPills\"\u001b[39m\n          \u001b[36m>\u001b[39m\n            \u001b[36m<span\u001b[39m\n              \u001b[33mclass\u001b[39m=\u001b[32m\"pill pillActive\"\u001b[39m\n            \u001b[36m>\u001b[39m\n              \u001b[0mX\u001b[0m\n            \u001b[36m</span>\u001b[39m\n            \u001b[36m<span\u001b[39m\n              \u001b[33mclass\u001b[39m=\u001b[32m\"pill \"\u001b[39m\n            \u001b[36m>\u001b[39m\n              \u001b[0mO\u001b[0m\n            \u001b[36m</span>\u001b[39m\n          \u001b[36m</div>\u001b[39m\n        \u001b[36m</div>\u001b[39m\n        \u001b[36m<div\u001b[39m\n          \u001b[33mclass\u001b[39m=\u001b[32m\"boardWrap\"\u001b[39m\n        \u001b[36m>\u001b[39m\n          \u001b[36m<div\u001b[39m\n            \u001b[33maria-label\u001b[39m=\u001b[32m\"Tic tac toe board\"\u001b[39m\n            \u001b[33mclass\u001b[39m=\u001b[32m\"board\"\u001b[39m\n            \u001b[33mrole\u001b[39m=\u001b[32m\"grid\"\u001b[39m\n          \u001b[36m>\u001b[39m\n            \u001b[36m<button\u001b[39m\n              \u001b[33maria-disabled\u001b[39m=\u001b[32m\"false\"\u001b[39m\n              \u001b[33maria-label\u001b[39m=\u001b[32m\"Square 1\"\u001b[39m\n              \u001b[33mclass\u001b[39m=\u001b[32m\"square  \"\u001b[39m\n              \u001b[33mrole\u001b[39m=\u001b[32m\"gridcell\"\u001b[39m\n              \u001b[33mtype\u001b[39m=\u001b[32m\"button\"\u001b[39m\n            \u001b[36m>\u001b[39m\n              \u001b[36m<span\u001b[39m\n                \u001b[33maria-hidden\u001b[39m=\u001b[32m\"true\"\u001b[39m\n                \u001b[33mclass\u001b[39m=\u001b[32m\"squareValue\"\u001b[39m\n              \u001b[36m/>\u001b[39m\n            \u001b[36m</button>\u001b[39m\n            \u001b[36m<button\u001b[39m\n              \u001b[33maria-disabled\u001b[39m=\u001b[32m\"false\"\u001b[39m\n              \u001b[33maria-label\u001b[39m=\u001b[32m\"Square 2\"\u001b[39m\n              \u001b[33mclass\u001b[39m=\u001b[32m\"square  \"\u001b[39m\n              \u001b[33mrole\u001b[39m=\u001b[32m\"gridcell\"\u001b[39m\n              \u001b[33mtype\u001b[39m=\u001b[32m\"button\"\u001b[39m\n            \u001b[36m>\u001b[39m\n              \u001b[36m<span\u001b[39m\n                \u001b[33maria-hidden\u001b[39m=\u001b[32m\"true\"\u001b[39m\n                \u001b[33mclass\u001b[39m=\u001b[32m\"squareValue\"\u001b[39m\n              \u001b[36m/>\u001b[39m\n            \u001b[36m</button>\u001b[39m\n            \u001b[36m<button\u001b[39m\n              \u001b[33maria-disabled\u001b[39m=\u001b[32m\"false\"\u001b[39m\n              \u001b[33maria-label\u001b[39m=\u001b[32m\"Square 3\"\u001b[39m\n              \u001b[33mclass\u001b[39m=\u001b[32m\"square  \"\u001b[39m\n              \u001b[33mrole\u001b[39m=\u001b[32m\"gridcell\"\u001b[39m\n              \u001b[33mtype\u001b[39m=\u001b[32m\"button\"\u001b[39m\n            \u001b[36m>\u001b[39m\n              \u001b[36m<span\u001b[39m\n                \u001b[33maria-hidden\u001b[39m=\u001b[32m\"true\"\u001b[39m\n                \u001b[33mclass\u001b[39m=\u001b[32m\"squareValue\"\u001b[39m\n              \u001b[36m/>\u001b[39m\n            \u001b[36m</button>\u001b[39m\n            \u001b[36m<button\u001b[39m\n              \u001b[33maria-disabled\u001b[39m=\u001b[32m\"false\"\u001b[39m\n              \u001b[33maria-label\u001b[39m=\u001b[32m\"Square 4\"\u001b[39m\n              \u001b[33mclass\u001b[39m=\u001b[32m\"square  \"\u001b[39m\n              \u001b[33mrole\u001b[39m=\u001b[32m\"gridcell\"\u001b[39m\n              \u001b[33mtype\u001b[39m=\u001b[32m\"button\"\u001b[39m\n            \u001b[36m>\u001b[39m\n              \u001b[36m<span\u001b[39m\n                \u001b[33maria-hidden\u001b[39m=\u001b[32m\"true\"\u001b[39m\n                \u001b[33mclass\u001b[39m=\u001b[32m\"squareValue\"\u001b[39m\n              \u001b[36m/>\u001b[39m\n            \u001b[36m</button>\u001b[39m\n            \u001b[36m<button\u001b[39m\n              \u001b[33maria-disabled\u001b[39m=\u001b[32m\"false\"\u001b[39m\n              \u001b[33maria-label\u001b[39m=\u001b[32m\"Square 5\"\u001b[39m\n              \u001b[33mclass\u001b[39m=\u001b[32m\"square  \"\u001b[39m\n              \u001b[33mrole\u001b[39m=\u001b[32m\"gridcell\"\u001b[39m\n              \u001b[33mtype\u001b[39m=\u001b[32m\"button\"\u001b[39m\n            \u001b[36m>\u001b[39m\n              \u001b[36m<span\u001b[39m\n                \u001b[33maria-hidden\u001b[39m=\u001b[32m\"true\"\u001b[39m\n                \u001b[33mclass\u001b[39m=\u001b[32m\"squareValue\"\u001b[39m\n              \u001b[36m/>\u001b[39m\n            \u001b[36m</button>\u001b[39m\n            \u001b[36m<button\u001b[39m\n              \u001b[33maria-disabled\u001b[39m=\u001b[32m\"false\"\u001b[39m\n              \u001b[33maria-label\u001b[39m=\u001b[32m\"Square 6\"\u001b[39m\n              \u001b[33mclass\u001b[39m=\u001b[32m\"square  \"\u001b[39m\n              \u001b[33mrole\u001b[39m=\u001b[32m\"gridcell\"\u001b[39m\n              \u001b[33mtype\u001b[39m=\u001b[32m\"button\"\u001b[39m\n            \u001b[36m>\u001b[39m\n              \u001b[36m<span\u001b[39m\n                \u001b[33maria-hidden\u001b[39m=\u001b[32m\"true\"\u001b[39m\n                \u001b[33mclass\u001b[39m=\u001b[32m\"squareValue\"\u001b[39m\n              \u001b[36m/>\u001b[39m\n            \u001b[36m</button>\u001b[39m\n            \u001b[36m<button\u001b[39m\n              \u001b[33maria-disabled\u001b[39m=\u001b[32m\"false\"\u001b[39m\n              \u001b[33maria-label\u001b[39m=\u001b[32m\"Square 7\"\u001b[39m\n              \u001b[33mclass\u001b[39m=\u001b[32m\"square  \"\u001b[39m\n              \u001b[33mrole\u001b[39m=\u001b[32m\"gridcell\"\u001b[39m\n              \u001b[33mtype\u001b[39m=\u001b[32m\"button\"\u001b[39m\n            \u001b[36m>\u001b[39m\n              \u001b[36m<span\u001b[39m\n                \u001b[33maria-hidden\u001b[39m=\u001b[32m\"true\"\u001b[39m\n                \u001b[33mclass\u001b[39m=\u001b[32m\"squareValue\"\u001b[39m\n              \u001b[36m/>\u001b[39m\n            \u001b[36m</button>\u001b[39m\n            \u001b[36m<button\u001b[39m\n              \u001b[33maria-disabled\u001b[39m=\u001b[32m\"false\"\u001b[39m\n              \u001b[33maria-label\u001b[39m=\u001b[32m\"Square 8\"\u001b[39m\n              \u001b[33mclass\u001b[39m=\u001b[32m\"square  \"\u001b[39m\n              \u001b[33mrole\u001b[39m=\u001b[32m\"gridcell\"\u001b[39m\n              \u001b[33mtype\u001b[39m=\u001b[32m\"button\"\u001b[39m\n            \u001b[36m>\u001b[39m\n              \u001b[36m<span\u001b[39m\n                \u001b[33maria-hidden\u001b[39m=\u001b[32m\"true\"\u001b[39m\n                \u001b[33mclass\u001b[39m=\u001b[32m\"squareValue\"\u001b[39m\n              \u001b[36m/>\u001b[39m\n            \u001b[36m</button>\u001b[39m\n            \u001b[36m<button\u001b[39m\n              \u001b[33maria-disabled\u001b[39m=\u001b[32m\"false\"\u001b[39m\n              \u001b[33maria-label\u001b[39m=\u001b[32m\"Square 9\"\u001b[39m\n              \u001b[33mclass\u001b[39m=\u001b[32m\"square  \"\u001b[39m\n              \u001b[33mrole\u001b[39m=\u001b[32m\"gridcell\"\u001b[39m\n              \u001b[33mtype\u001b[39m=\u001b[32m\"button\"\u001b[39m\n            \u001b[36m>\u001b[39m\n              \u001b[36m<span\u001b[39m\n                \u001b[33maria-hidden\u001b[39m=\u001b[32m\"true\"\u001b[39m\n                \u001b[33mclass\u001b[39m=\u001b[32m\"squareValue\"\u001b[39m\n              \u001b[36m/>\u001b[39m\n            \u001b[36m</button>\u001b[39m\n          \u001b[36m</div>\u001b[39m\n        \u001b[36m</div>\u001b[39m\n        \u001b[36m<div\u001b[39m\n          \u001b[33maria-label\u001b[39m=\u001b[32m\"Controls\"\u001b[39m\n          \u001b[33mclass\u001b[39m=\u001b[32m\"controls\"\u001b[39m\n        \u001b[36m>\u001b[39m\n          \u001b[36m<button\u001b[39m\n            \u001b[33mclass\u001b[39m=\u001b[32m\"btn btnPrimary\"\u001b[39m\n            \u001b[33mtype\u001b[39m=\u001b[32m\"button\"\u001b[39m\n          \u001b[36m>\u001b[39m\n            \u001b[0mRestart\u001b[0m\n          \u001b[36m</button>\u001b[39m\n          \u001b[36m<button\u001b[39m\n            \u001b[33mclass\u001b[39m=\u001b[32m\"btn btnSecondary\"\u001b[39m\n            \u001b[33mtitle\u001b[39m=\u001b[32m\"Clear the board and alternate who starts\"\u001b[39m\n            \u001b[33mtype\u001b[39m=\u001b[32m\"button\"\u001b[39m\n          \u001b[36m>\u001b[39m\n            \u001b[0mNew game (alternate start)\u001b[0m\n          \u001b[36m</button>\u001b[39m\n        \u001b[36m</div>\u001b[39m\n        \u001b[36m<p\u001b[39m\n          \u001b[33mclass\u001b[39m=\u001b[32m\"helper\"\u001b[39m\n        \u001b[36m>\u001b[39m\n          \u001b[0mTip: You can use keyboard navigation (Tab) to focus squares and press Enter/Space to place a mark.\u001b[0m\n        \u001b[36m</p>\u001b[39m\n      \u001b[36m</section>\u001b[39m\n      \u001b[36m<footer\u001b[39m\n        \u001b[33mclass\u001b[39m=\u001b[32m\"footer\"\u001b[39m\n      \u001b[36m>\u001b[39m\n        \u001b[36m<span\u001b[39m\n          \u001b[33mclass\u001b[39m=\u001b[32m\"footerText\"\u001b[39m\n        \u001b[36m>\u001b[39m\n          \u001b[0mFrontend‑only • No network required\u001b[0m\n        \u001b[36m</span>\u001b[39m\n      \u001b[36m</footer>\u001b[39m\n    \u001b[36m</main>\u001b[39m\n  \u001b[36m</div>\u001b[39m\n\u001b[36m</div>\u001b[39m\n\nIgnored nodes: comments, script, style\n\u001b[36m<div\u001b[39m\n  \u001b[33mclass\u001b[39m=\u001b[32m\"App\"\u001b[39m\n\u001b[36m>\u001b[39m\n  \u001b[36m<main\u001b[39m\n    \u001b[33mclass\u001b[39m=\u001b[32m\"page\"\u001b[39m\n  \u001b[36m>\u001b[39m\n    \u001b[36m<header\u001b[39m\n      \u001b[33mclass\u001b[39m=\u001b[32m\"header\"\u001b[39m\n    \u001b[36m>\u001b[39m\n      \u001b[36m<div\u001b[39m\n        \u001b[33mclass\u001b[39m=\u001b[32m\"brand\"\u001b[39m\n      \u001b[36m>\u001b[39m\n        \u001b[36m<div\u001b[39m\n          \u001b[33maria-hidden\u001b[39m=\u001b[32m\"true\"\u001b[39m\n          \u001b[33mclass\u001b[39m=\u001b[32m\"badge\"\u001b[39m\n        \u001b[36m>\u001b[39m\n          \u001b[0mTTT\u001b[0m\n        \u001b[36m</div>\u001b[39m\n        \u001b[36m<div\u001b[39m\n          \u001b[33mclass\u001b[39m=\u001b[32m\"brandText\"\u001b[39m\n        \u001b[36m>\u001b[39m\n          \u001b[36m<h1\u001b[39m\n            \u001b[33mclass\u001b[39m=\u001b[32m\"title\"\u001b[39m\n          \u001b[36m>\u001b[39m\n            \u001b[0mTic‑Tac‑Toe\u001b[0m\n          \u001b[36m</h1>\u001b[39m\n          \u001b[36m<p\u001b[39m\n            \u001b[33mclass\u001b[39m=\u001b[32m\"subtitle\"\u001b[39m\n          \u001b[36m>\u001b[39m\n            \u001b[0mClassic 3×3 — local two‑player\u001b[0m\n          \u001b[36m</p>\u001b[39m\n        \u001b[36m</div>\u001b[39m\n      \u001b[36m</div>\u001b[39m\n    \u001b[36m</header>\u001b[39m\n    \u001b[36m<section\u001b[39m\n      \u001b[33maria-label\u001b[39m=\u001b[32m\"Game\"\u001b[39m\n      \u001b[33mclass\u001b[39m=\u001b[32m\"card\"\u001b[39m\n    \u001b[36m>\u001b[39m\n      \u001b[36m<div\u001b[39m\n        \u001b[33mclass\u001b[39m=\u001b[32m\"statusRow\"\u001b[39m\n      \u001b[36m>\u001b[39m\n        \u001b[36m<div\u001b[39m\n          \u001b[33maria-live\u001b[39m=\u001b[32m\"polite\"\u001b[39m\n          \u001b[33mclass\u001b[39m=\u001b[32m\"status\"\u001b[39m\n          \u001b[33mrole\u001b[39m=\u001b[32m\"status\"\u001b[39m\n        \u001b[36m>\u001b[39m\n          \u001b[36m<span\u001b[39m\n            \u001b[33mclass\u001b[39m=\u001b[32m\"statusLabel\"\u001b[39m\n          \u001b[36m>\u001b[39m\n            \u001b[0mStatus\u001b[0m\n          \u001b[36m</span>\u001b[39m\n          \u001b[36m<span\u001b[39m\n            \u001b[33mclass\u001b[39m=\u001b[32m\"statusValue \"\u001b[39m\n          \u001b[36m>\u001b[39m\n            \u001b[0mTurn: X\u001b[0m\n          \u001b[36m</span>\u001b[39m\n        \u001b[36m</div>\u001b[39m\n        \u001b[36m<div\u001b[39m\n          \u001b[33maria-label\u001b[39m=\u001b[32m\"Current player\"\u001b[39m\n          \u001b[33mclass\u001b[39m=\u001b[32m\"turnPills\"\u001b[39m\n        \u001b[36m>\u001b[39m\n          \u001b[36m<span\u001b[39m\n            \u001b[33mclass\u001b[39m=\u001b[32m\"pill pillActive\"\u001b[39m\n          \u001b[36m>\u001b[39m\n            \u001b[0mX\u001b[0m\n          \u001b[36m</span>\u001b[39m\n          \u001b[36m<span\u001b[39m\n            \u001b[33mclass\u001b[39m=\u001b[32m\"pill \"\u001b[39m\n          \u001b[36m>\u001b[39m\n            \u001b[0mO\u001b[0m\n          \u001b[36m</span>\u001b[39m\n        \u001b[36m</div>\u001b[39m\n      \u001b[36m</div>\u001b[39m\n      \u001b[36m<div\u001b[39m\n        \u001b[33mclass\u001b[39m=\u001b[32m\"boardWrap\"\u001b[39m\n      \u001b[36m>\u001b[39m\n        \u001b[36m<div\u001b[39m\n          \u001b[33maria-label\u001b[39m=\u001b[32m\"Tic tac toe board\"\u001b[39m\n          \u001b[33mclass\u001b[39m=\u001b[32m\"board\"\u001b[39m\n          \u001b[33mrole\u001b[39m=\u001b[32m\"grid\"\u001b[39m\n        \u001b[36m>\u001b[39m\n          \u001b[36m<button\u001b[39m\n            \u001b[33maria-disabled\u001b[39m=\u001b[32m\"false\"\u001b[39m\n            \u001b[33maria-label\u001b[39m=\u001b[32m\"Square 1\"\u001b[39m\n            \u001b[33mclass\u001b[39m=\u001b[32m\"square  \"\u001b[39m\n            \u001b[33mrole\u001b[39m=\u001b[32m\"gridcell\"\u001b[39m\n            \u001b[33mtype\u001b[39m=\u001b[32m\"button\"\u001b[39m\n          \u001b[36m>\u001b[39m\n            \u001b[36m<span\u001b[39m\n              \u001b[33maria-hidden\u001b[39m=\u001b[32m\"true\"\u001b[39m\n              \u001b[33mclass\u001b[39m=\u001b[32m\"squareValue\"\u001b[39m\n            \u001b[36m/>\u001b[39m\n          \u001b[36m</button>\u001b[39m\n          \u001b[36m<button\u001b[39m\n            \u001b[33maria-disabled\u001b[39m=\u001b[32m\"false\"\u001b[39m\n            \u001b[33maria-label\u001b[39m=\u001b[32m\"Square 2\"\u001b[39m\n            \u001b[33mclass\u001b[39m=\u001b[32m\"square  \"\u001b[39m\n            \u001b[33mrole\u001b[39m=\u001b[32m\"gridcell\"\u001b[39m\n            \u001b[33mtype\u001b[39m=\u001b[32m\"button\"\u001b[39m\n          \u001b[36m>\u001b[39m\n            \u001b[36m<span\u001b[39m\n              \u001b[33maria-hidden\u001b[39m=\u001b[32m\"true\"\u001b[39m\n              \u001b[33mclass\u001b[39m=\u001b[32m\"squareValue\"\u001b[39m\n            \u001b[36m/>\u001b[39m\n          \u001b[36m</button>\u001b[39m\n          \u001b[36m<button\u001b[39m\n            \u001b[33maria-disabled\u001b[39m=\u001b[32m\"false\"\u001b[39m\n            \u001b[33maria-label\u001b[39m=\u001b[32m\"Square 3\"\u001b[39m\n            \u001b[33mclass\u001b[39m=\u001b[32m\"square  \"\u001b[39m\n            \u001b[33mrole\u001b[39m=\u001b[32m\"gridcell\"\u001b[39m\n            \u001b[33mtype\u001b[39m=\u001b[32m\"button\"\u001b[39m\n          \u001b[36m>\u001b[39m\n            \u001b[36m<span\u001b[39m\n              \u001b[33maria-hidden\u001b[39m=\u001b[32m\"true\"\u001b[39m\n              \u001b[33mclass\u001b[39m=\u001b[32m\"squareValue\"\u001b[39m\n            \u001b[36m/>\u001b[39m\n          \u001b[36m</button>\u001b[39m\n          \u001b[36m<button\u001b[39m\n            \u001b[33maria-disabled\u001b[39m=\u001b[32m\"false\"\u001b[39m\n            \u001b[33maria-label\u001b[39m=\u001b[32m\"Square 4\"\u001b[39m\n            \u001b[33mclass\u001b[39m=\u001b[32m\"square  \"\u001b[39m\n            \u001b[33mrole\u001b[39m=\u001b[32m\"gridcell\"\u001b[39m\n            \u001b[33mtype\u001b[39m=\u001b[32m\"button\"\u001b[39m\n          \u001b[36m>\u001b[39m\n            \u001b[36m<span\u001b[39m\n              \u001b[33maria-hidden\u001b[39m=\u001b[32m\"true\"\u001b[39m\n              \u001b[33mclass\u001b[39m=\u001b[32m\"squareValue\"\u001b[39m\n            \u001b[36m/>\u001b[39m\n          \u001b[36m</button>\u001b[39m\n          \u001b[36m<button\u001b[39m\n            \u001b[33maria-disabled\u001b[39m=\u001b[32m\"false\"\u001b[39m\n            \u001b[33maria-label\u001b[39m=\u001b[32m\"Square 5\"\u001b[39m\n            \u001b[33mclass\u001b[39m=\u001b[32m\"square  \"\u001b[39m\n            \u001b[33mrole\u001b[39m=\u001b[32m\"gridcell\"\u001b[39m\n            \u001b[33mtype\u001b[39m=\u001b[32m\"button\"\u001b[39m\n          \u001b[36m>\u001b[39m\n            \u001b[36m<span\u001b[39m\n              \u001b[33maria-hidden\u001b[39m=\u001b[32m\"true\"\u001b[39m\n              \u001b[33mclass\u001b[39m=\u001b[32m\"squareValue\"\u001b[39m\n            \u001b[36m/>\u001b[39m\n          \u001b[36m</button>\u001b[39m\n          \u001b[36m<button\u001b[39m\n            \u001b[33maria-disabled\u001b[39m=\u001b[32m\"false\"\u001b[39m\n            \u001b[33maria-label\u001b[39m=\u001b[32m\"Square 6\"\u001b[39m\n            \u001b[33mclass\u001b[39m=\u001b[32m\"square  \"\u001b[39m\n            \u001b[33mrole\u001b[39m=\u001b[32m\"gridcell\"\u001b[39m\n            \u001b[33mtype\u001b[39m=\u001b[32m\"button\"\u001b[39m\n          \u001b[36m>\u001b[39m\n            \u001b[36m<span\u001b[39m\n              \u001b[33maria-hidden\u001b[39m=\u001b[32m\"true\"\u001b[39m\n              \u001b[33mclass\u001b[39m=\u001b[32m\"squareValue\"\u001b[39m\n            \u001b[36m/>\u001b[39m\n          \u001b[36m</button>\u001b[39m\n          \u001b[36m<button\u001b[39m\n            \u001b[33maria-disabled\u001b[39m=\u001b[32m\"false\"\u001b[39m\n            \u001b[33maria-label\u001b[39m=\u001b[32m\"Square 7\"\u001b[39m\n            \u001b[33mclass\u001b[39m=\u001b[32m\"square  \"\u001b[39m\n            \u001b[33mrole\u001b[39m=\u001b[32m\"gridcell\"\u001b[39m\n            \u001b[33mtype\u001b[39m=\u001b[32m\"button\"\u001b[39m\n          \u001b[36m>\u001b[39m\n            \u001b[36m<span\u001b[39m\n              \u001b[33maria-hidden\u001b[39m=\u001b[32m\"true\"\u001b[39m\n              \u001b[33mclass\u001b[39m=\u001b[32m\"squareValue\"\u001b[39m\n            \u001b[36m/>\u001b[39m\n          \u001b[36m</button>\u001b[39m\n          \u001b[36m<button\u001b[39m\n            \u001b[33maria-disabled\u001b[39m=\u001b[32m\"false\"\u001b[39m\n            \u001b[33maria-label\u001b[39m=\u001b[32m\"Square 8\"\u001b[39m\n            \u001b[33mclass\u001b[39m=\u001b[32m\"square  \"\u001b[39m\n            \u001b[33mrole\u001b[39m=\u001b[32m\"gridcell\"\u001b[39m\n            \u001b[33mtype\u001b[39m=\u001b[32m\"button\"\u001b[39m\n          \u001b[36m>\u001b[39m\n            \u001b[36m<span\u001b[39m\n              \u001b[33maria-hidden\u001b[39m=\u001b[32m\"true\"\u001b[39m\n              \u001b[33mclass\u001b[39m=\u001b[32m\"squareValue\"\u001b[39m\n            \u001b[36m/>\u001b[39m\n          \u001b[36m</button>\u001b[39m\n          \u001b[36m<button\u001b[39m\n            \u001b[33maria-disabled\u001b[39m=\u001b[32m\"false\"\u001b[39m\n            \u001b[33maria-label\u001b[39m=\u001b[32m\"Square 9\"\u001b[39m\n            \u001b[33mclass\u001b[39m=\u001b[32m\"square  \"\u001b[39m\n            \u001b[33mrole\u001b[39m=\u001b[32m\"gridcell\"\u001b[39m\n            \u001b[33mtype\u001b[39m=\u001b[32m\"button\"\u001b[39m\n          \u001b[36m>\u001b[39m\n            \u001b[36m<span\u001b[39m\n              \u001b[33maria-hidden\u001b[39m=\u001b[32m\"true\"\u001b[39m\n              \u001b[33mclass\u001b[39m=\u001b[32m\"squareValue\"\u001b[39m\n            \u001b[36m/>\u001b[39m\n          \u001b[36m</button>\u001b[39m\n        \u001b[36m</div>\u001b[39m\n      \u001b[36m</div>\u001b[39m\n      \u001b[36m<div\u001b[39m\n        \u001b[33maria-label\u001b[39m=\u001b[32m\"Controls\"\u001b[39m\n        \u001b[33mclass\u001b[39m=\u001b[32m\"controls\"\u001b[39m\n      \u001b[36m>\u001b[39m\n        \u001b[36m<button\u001b[39m\n          \u001b[33mclass\u001b[39m=\u001b[32m\"btn btnPrimary\"\u001b[39m\n          \u001b[33mtype\u001b[39m=\u001b[32m\"button\"\u001b[39m\n        \u001b[36m>\u001b[39m\n          \u001b[0mRestart\u001b[0m\n        \u001b[36m</button>\u001b[39m\n        \u001b[36m<button\u001b[39m\n          \u001b[33mclass\u001b[39m=\u001b[32m\"btn btnSecondary\"\u001b[39m\n          \u001b[33mtitle\u001b[39m=\u001b[32m\"Clear the board and alternate who starts\"\u001b[39m\n          \u001b[33mtype\u001b[39m=\u001b[32m\"button\"\u001b[39m\n        \u001b[36m>\u001b[39m\n          \u001b[0mNew game (alternate start)\u001b[0m\n        \u001b[36m</button>\u001b[39m\n      \u001b[36m</div>\u001b[39m\n      \u001b[36m<p\u001b[39m\n        \u001b[33mclass\u001b[39m=\u001b[32m\"helper\"\u001b[39m\n      \u001b[36m>\u001b[39m\n        \u001b[0mTip: You can use keyboard navigation (Tab) to focus squares and press Enter/Space to place a mark.\u001b[0m\n      \u001b[36m</p>\u001b[39m\n    \u001b[36m</section>\u001b[39m\n    \u001b[36m<footer\u001b[39m\n      \u001b[33mclass\u001b[39m=\u001b[32m\"footer\"\u001b[39m\n    \u001b[36m>\u001b[39m\n      \u001b[36m<span\u001b[39m\n        \u001b[33mclass\u001b[39m=\u001b[32m\"footerText\"\u001b[39m\n      \u001b[36m>\u001b[39m\n        \u001b[0mFrontend‑only • No network required\u001b[0m\n      \u001b[36m</span>\u001b[39m\n    \u001b[36m</footer>\u001b[39m\n  \u001b[36m</main>\u001b[39m\n\u001b[36m</div>\u001b[39m\n\nIgnored nodes: comments, script, style\n\u001b[36m<main\u001b[39m\n  \u001b[33mclass\u001b[39m=\u001b[32m\"page\"\u001b[39m\n\u001b[36m>\u001b[39m\n  \u001b[36m<header\u001b[39m\n    \u001b[33mclass\u001b[39m=\u001b[32m\"header\"\u001b[39m\n  \u001b[36m>\u001b[39m\n    \u001b[36m<div\u001b[39m\n      \u001b[33mclass\u001b[39m=\u001b[32m\"brand\"\u001b[39m\n    \u001b[36m>\u001b[39m\n      \u001b[36m<div\u001b[39m\n        \u001b[33maria-hidden\u001b[39m=\u001b[32m\"true\"\u001b[39m\n        \u001b[33mclass\u001b[39m=\u001b[32m\"badge\"\u001b[39m\n      \u001b[36m>\u001b[39m\n        \u001b[0mTTT\u001b[0m\n      \u001b[36m</div>\u001b[39m\n      \u001b[36m<div\u001b[39m\n        \u001b[33mclass\u001b[39m=\u001b[32m\"brandText\"\u001b[39m\n      \u001b[36m>\u001b[39m\n        \u001b[36m<h1\u001b[39m\n          \u001b[33mclass\u001b[39m=\u001b[32m\"title\"\u001b[39m\n        \u001b[36m>\u001b[39m\n          \u001b[0mTic‑Tac‑Toe\u001b[0m\n        \u001b[36m</h1>\u001b[39m\n        \u001b[36m<p\u001b[39m\n          \u001b[33mclass\u001b[39m=\u001b[32m\"subtitle\"\u001b[39m\n        \u001b[36m>\u001b[39m\n          \u001b[0mClassic 3×3 — local two‑player\u001b[0m\n        \u001b[36m</p>\u001b[39m\n      \u001b[36m</div>\u001b[39m\n    \u001b[36m</div>\u001b[39m\n  \u001b[36m</header>\u001b[39m\n  \u001b[36m<section\u001b[39m\n    \u001b[33maria-label\u001b[39m=\u001b[32m\"Game\"\u001b[39m\n    \u001b[33mclass\u001b[39m=\u001b[32m\"card\"\u001b[39m\n  \u001b[36m>\u001b[39m\n    \u001b[36m<div\u001b[39m\n      \u001b[33mclass\u001b[39m=\u001b[32m\"statusRow\"\u001b[39m\n    \u001b[36m>\u001b[39m\n      \u001b[36m<div\u001b[39m\n        \u001b[33maria-live\u001b[39m=\u001b[32m\"polite\"\u001b[39m\n        \u001b[33mclass\u001b[39m=\u001b[32m\"status\"\u001b[39m\n        \u001b[33mrole\u001b[39m=\u001b[32m\"status\"\u001b[39m\n      \u001b[36m>\u001b[39m\n        \u001b[36m<span\u001b[39m\n          \u001b[33mclass\u001b[39m=\u001b[32m\"statusLabel\"\u001b[39m\n        \u001b[36m>\u001b[39m\n          \u001b[0mStatus\u001b[0m\n        \u001b[36m</span>\u001b[39m\n        \u001b[36m<span\u001b[39m\n          \u001b[33mclass\u001b[39m=\u001b[32m\"statusValue \"\u001b[39m\n        \u001b[36m>\u001b[39m\n          \u001b[0mTurn: X\u001b[0m\n        \u001b[36m</span>\u001b[39m\n      \u001b[36m</div>\u001b[39m\n      \u001b[36m<div\u001b[39m\n        \u001b[33maria-label\u001b[39m=\u001b[32m\"Current player\"\u001b[39m\n        \u001b[33mclass\u001b[39m=\u001b[32m\"turnPills\"\u001b[39m\n      \u001b[36m>\u001b[39m\n        \u001b[36m<span\u001b[39m\n          \u001b[33mclass\u001b[39m=\u001b[32m\"pill pillActive\"\u001b[39m\n        \u001b[36m>\u001b[39m\n          \u001b[0mX\u001b[0m\n        \u001b[36m</span>\u001b[39m\n        \u001b[36m<span\u001b[39m\n          \u001b[33mclass\u001b[39m=\u001b[32m\"pill \"\u001b[39m\n        \u001b[36m>\u001b[39m\n          \u001b[0mO\u001b[0m\n        \u001b[36m</span>\u001b[39m\n      \u001b[36m</div>\u001b[39m\n    \u001b[36m</div>\u001b[39m\n    \u001b[36m<div\u001b[39m\n      \u001b[33mclass\u001b[39m=\u001b[32m\"boardWrap\"\u001b[39m\n    \u001b[36m>\u001b[39m\n      \u001b[36m<div\u001b[39m\n        \u001b[33maria-label\u001b[39m=\u001b[32m\"Tic tac toe board\"\u001b[39m\n        \u001b[33mclass\u001b[39m=\u001b[32m\"board\"\u001b[39m\n        \u001b[33mrole\u001b[39m=\u001b[32m\"grid\"\u001b[39m\n      \u001b[36m>\u001b[39m\n        \u001b[36m<button\u001b[39m\n          \u001b[33maria-disabled\u001b[39m=\u001b[32m\"false\"\u001b[39m\n          \u001b[33maria-label\u001b[39m=\u001b[32m\"Square 1\"\u001b[39m\n          \u001b[33mclass\u001b[39m=\u001b[32m\"square  \"\u001b[39m\n          \u001b[33mrole\u001b[39m=\u001b[32m\"gridcell\"\u001b[39m\n          \u001b[33mtype\u001b[39m=\u001b[32m\"button\"\u001b[39m\n        \u001b[36m>\u001b[39m\n          \u001b[36m<span\u001b[39m\n            \u001b[33maria-hidden\u001b[39m=\u001b[32m\"true\"\u001b[39m\n            \u001b[33mclass\u001b[39m=\u001b[32m\"squareValue\"\u001b[39m\n          \u001b[36m/>\u001b[39m\n        \u001b[36m</button>\u001b[39m\n        \u001b[36m<button\u001b[39m\n          \u001b[33maria-disabled\u001b[39m=\u001b[32m\"false\"\u001b[39m\n          \u001b[33maria-label\u001b[39m=\u001b[32m\"Square 2\"\u001b[39m\n          \u001b[33mclass\u001b[39m=\u001b[32m\"square  \"\u001b[39m\n          \u001b[33mrole\u001b[39m=\u001b[32m\"gridcell\"\u001b[39m\n          \u001b[33mtype\u001b[39m=\u001b[32m\"button\"\u001b[39m\n        \u001b[36m>\u001b[39m\n          \u001b[36m<span\u001b[39m\n            \u001b[33maria-hidden\u001b[39m=\u001b[32m\"true\"\u001b[39m\n            \u001b[33mclass\u001b[39m=\u001b[32m\"squareValue\"\u001b[39m\n          \u001b[36m/>\u001b[39m\n        \u001b[36m</button>\u001b[39m\n        \u001b[36m<button\u001b[39m\n          \u001b[33maria-disabled\u001b[39m=\u001b[32m\"false\"\u001b[39m\n          \u001b[33maria-label\u001b[39m=\u001b[32m\"Square 3\"\u001b[39m\n          \u001b[33mclass\u001b[39m=\u001b[32m\"square  \"\u001b[39m\n          \u001b[33mrole\u001b[39m=\u001b[32m\"gridcell\"\u001b[39m\n          \u001b[33mtype\u001b[39m=\u001b[32m\"button\"\u001b[39m\n        \u001b[36m>\u001b[39m\n          \u001b[36m<span\u001b[39m\n            \u001b[33maria-hidden\u001b[39m=\u001b[32m\"true\"\u001b[39m\n            \u001b[33mclass\u001b[39m=\u001b[32m\"squareValue\"\u001b[39m\n          \u001b[36m/>\u001b[39m\n        \u001b[36m</button>\u001b[39m\n        \u001b[36m<button\u001b[39m\n          \u001b[33maria-disabled\u001b[39m=\u001b[32m\"false\"\u001b[39m\n          \u001b[33maria-label\u001b[39m=\u001b[32m\"Square 4\"\u001b[39m\n          \u001b[33mclass\u001b[39m=\u001b[32m\"square  \"\u001b[39m\n          \u001b[33mrole\u001b[39m=\u001b[32m\"gridcell\"\u001b[39m\n          \u001b[33mtype\u001b[39m=\u001b[32m\"button\"\u001b[39m\n        \u001b[36m>\u001b[39m\n          \u001b[36m<span\u001b[39m\n            \u001b[33maria-hidden\u001b[39m=\u001b[32m\"true\"\u001b[39m\n            \u001b[33mclass\u001b[39m=\u001b[32m\"squareValue\"\u001b[39m\n          \u001b[36m/>\u001b[39m\n        \u001b[36m</button>\u001b[39m\n        \u001b[36m<button\u001b[39m\n          \u001b[33maria-disabled\u001b[39m=\u001b[32m\"false\"\u001b[39m\n          \u001b[33maria-label\u001b[39m=\u001b[32m\"Square 5\"\u001b[39m\n          \u001b[33mclass\u001b[39m=\u001b[32m\"square  \"\u001b[39m\n          \u001b[33mrole\u001b[39m=\u001b[32m\"gridcell\"\u001b[39m\n          \u001b[33mtype\u001b[39m=\u001b[32m\"button\"\u001b[39m\n        \u001b[36m>\u001b[39m\n          \u001b[36m<span\u001b[39m\n            \u001b[33maria-hidden\u001b[39m=\u001b[32m\"true\"\u001b[39m\n            \u001b[33mclass\u001b[39m=\u001b[32m\"squareValue\"\u001b[39m\n          \u001b[36m/>\u001b[39m\n        \u001b[36m</button>\u001b[39m\n        \u001b[36m<button\u001b[39m\n          \u001b[33maria-disabled\u001b[39m=\u001b[32m\"false\"\u001b[39m\n          \u001b[33maria-label\u001b[39m=\u001b[32m\"Square 6\"\u001b[39m\n          \u001b[33mclass\u001b[39m=\u001b[32m\"square  \"\u001b[39m\n          \u001b[33mrole\u001b[39m=\u001b[32m\"gridcell\"\u001b[39m\n          \u001b[33mtype\u001b[39m=\u001b[32m\"button\"\u001b[39m\n        \u001b[36m>\u001b[39m\n          \u001b[36m<span\u001b[39m\n            \u001b[33maria-hidden\u001b[39m=\u001b[32m\"true\"\u001b[39m\n            \u001b[33mclass\u001b[39m=\u001b[32m\"squareValue\"\u001b[39m\n          \u001b[36m/>\u001b[39m\n        \u001b[36m</button>\u001b[39m\n        \u001b[36m<button\u001b[39m\n          \u001b[33maria-disabled\u001b[39m=\u001b[32m\"false\"\u001b[39m\n          \u001b[33maria-label\u001b[39m=\u001b[32m\"Square 7\"\u001b[39m\n          \u001b[33mclass\u001b[39m=\u001b[32m\"square  \"\u001b[39m\n          \u001b[33mrole\u001b[39m=\u001b[32m\"gridcell\"\u001b[39m\n          \u001b[33mtype\u001b[39m=\u001b[32m\"button\"\u001b[39m\n        \u001b[36m>\u001b[39m\n          \u001b[36m<span\u001b[39m\n            \u001b[33maria-hidden\u001b[39m=\u001b[32m\"true\"\u001b[39m\n            \u001b[33mclass\u001b[39m=\u001b[32m\"squareValue\"\u001b[39m\n          \u001b[36m/>\u001b[39m\n        \u001b[36m</button>\u001b[39m\n        \u001b[36m<button\u001b[39m\n          \u001b[33maria-disabled\u001b[39m=\u001b[32m\"false\"\u001b[39m\n          \u001b[33maria-label\u001b[39m=\u001b[32m\"Square 8\"\u001b[39m\n          \u001b[33mclass\u001b[39m=\u001b[32m\"square  \"\u001b[39m\n          \u001b[33mrole\u001b[39m=\u001b[32m\"gridcell\"\u001b[39m\n          \u001b[33mtype\u001b[39m=\u001b[32m\"button\"\u001b[39m\n        \u001b[36m>\u001b[39m\n          \u001b[36m<span\u001b[39m\n            \u001b[33maria-hidden\u001b[39m=\u001b[32m\"true\"\u001b[39m\n            \u001b[33mclass\u001b[39m=\u001b[32m\"squareValue\"\u001b[39m\n          \u001b[36m/>\u001b[39m\n        \u001b[36m</button>\u001b[39m\n        \u001b[36m<button\u001b[39m\n          \u001b[33maria-disabled\u001b[39m=\u001b[32m\"false\"\u001b[39m\n          \u001b[33maria-label\u001b[39m=\u001b[32m\"Square 9\"\u001b[39m\n          \u001b[33mclass\u001b[39m=\u001b[32m\"square  \"\u001b[39m\n          \u001b[33mrole\u001b[39m=\u001b[32m\"gridcell\"\u001b[39m\n          \u001b[33mtype\u001b[39m=\u001b[32m\"button\"\u001b[39m\n        \u001b[36m>\u001b[39m\n          \u001b[36m<span\u001b[39m\n            \u001b[33maria-hidden\u001b[39m=\u001b[32m\"true\"\u001b[39m\n            \u001b[33mclass\u001b[39m=\u001b[32m\"squareValue\"\u001b[39m\n          \u001b[36m/>\u001b[39m\n        \u001b[36m</button>\u001b[39m\n      \u001b[36m</div>\u001b[39m\n    \u001b[36m</div>\u001b[39m\n    \u001b[36m<div\u001b[39m\n      \u001b[33maria-label\u001b[39m=\u001b[32m\"Controls\"\u001b[39m\n      \u001b[33mclass\u001b[39m=\u001b[32m\"controls\"\u001b[39m\n    \u001b[36m>\u001b[39m\n      \u001b[36m<button\u001b[39m\n        \u001b[33mclass\u001b[39m=\u001b[32m\"btn btnPrimary\"\u001b[39m\n        \u001b[33mtype\u001b[39m=\u001b[32m\"button\"\u001b[39m\n      \u001b[36m>\u001b[39m\n        \u001b[0mRestart\u001b[0m\n      \u001b[36m</button>\u001b[39m\n      \u001b[36m<button\u001b[39m\n        \u001b[33mclass\u001b[39m=\u001b[32m\"btn btnSecondary\"\u001b[39m\n        \u001b[33mtitle\u001b[39m=\u001b[32m\"Clear the board and alternate who starts\"\u001b[39m\n        \u001b[33mtype\u001b[39m=\u001b[32m\"button\"\u001b[39m\n      \u001b[36m>\u001b[39m\n        \u001b[0mNew game (alternate start)\u001b[0m\n      \u001b[36m</button>\u001b[39m\n    \u001b[36m</div>\u001b[39m\n    \u001b[36m<p\u001b[39m\n      \u001b[33mclass\u001b[39m=\u001b[32m\"helper\"\u001b[39m\n    \u001b[36m>\u001b[39m\n      \u001b[0mTip: You can use keyboard navigation (Tab) to focus squares and press Enter/Space to place a mark.\u001b[0m\n    \u001b[36m</p>\u001b[39m\n  \u001b[36m</section>\u001b[39m\n  \u001b[36m<footer\u001b[39m\n    \u001b[33mclass\u001b[39m=\u001b[32m\"footer\"\u001b[39m\n  \u001b[36m>\u001b[39m\n    \u001b[36m<span\u001b[39m\n      \u001b[33mclass\u001b[39m=\u001b[32m\"footerText\"\u001b[39m\n    \u001b[36m>\u001b[39m\n      \u001b[0mFrontend‑only • No network required\u001b[0m\n    \u001b[36m</span>\u001b[39m\n  \u001b[36m</footer>\u001b[39m\n\u001b[36m</main>\u001b[39m\n\nIgnored nodes: comments, script, style\n\u001b[36m<header\u001b[39m\n  \u001b[33mclass\u001b[39m=\u001b[32m\"header\"\u001b[39m\n\u001b[36m>\u001b[39m\n  \u001b[36m<div\u001b[39m\n    \u001b[33mclass\u001b[39m=\u001b[32m\"brand\"\u001b[39m\n  \u001b[36m>\u001b[39m\n    \u001b[36m<div\u001b[39m\n      \u001b[33maria-hidden\u001b[39m=\u001b[32m\"true\"\u001b[39m\n      \u001b[33mclass\u001b[39m=\u001b[32m\"badge\"\u001b[39m\n    \u001b[36m>\u001b[39m\n      \u001b[0mTTT\u001b[0m\n    \u001b[36m</div>\u001b[39m\n    \u001b[36m<div\u001b[39m\n      \u001b[33mclass\u001b[39m=\u001b[32m\"brandText\"\u001b[39m\n    \u001b[36m>\u001b[39m\n      \u001b[36m<h1\u001b[39m\n        \u001b[33mclass\u001b[39m=\u001b[32m\"title\"\u001b[39m\n      \u001b[36m>\u001b[39m\n        \u001b[0mTic‑Tac‑Toe\u001b[0m\n      \u001b[36m</h1>\u001b[39m\n      \u001b[36m<p\u001b[39m\n        \u001b[33mclass\u001b[39m=\u001b[32m\"subtitle\"\u001b[39m\n      \u001b[36m>\u001b[39m\n        \u001b[0mClassic 3×3 — local two‑player\u001b[0m\n      \u001b[36m</p>\u001b[39m\n    \u001b[36m</div>\u001b[39m\n  \u001b[36m</div>\u001b[39m\n\u001b[36m</header>\u001b[39m\n\nIgnored nodes: comments, script, style\n\u001b[36m<div\u001b[39m\n  \u001b[33mclass\u001b[39m=\u001b[32m\"brand\"\u001b[39m\n\u001b[36m>\u001b[39m\n  \u001b[36m<div\u001b[39m\n    \u001b[33maria-hidden\u001b[39m=\u001b[32m\"true\"\u001b[39m\n    \u001b[33mclass\u001b[39m=\u001b[32m\"badge\"\u001b[39m\n  \u001b[36m>\u001b[39m\n    \u001b[0mTTT\u001b[0m\n  \u001b[36m</div>\u001b[39m\n  \u001b[36m<div\u001b[39m\n    \u001b[33mclass\u001b[39m=\u001b[32m\"brandText\"\u001b[39m\n  \u001b[36m>\u001b[39m\n    \u001b[36m<h1\u001b[39m\n      \u001b[33mclass\u001b[39m=\u001b[32m\"title\"\u001b[39m\n    \u001b[36m>\u001b[39m\n      \u001b[0mTic‑Tac‑Toe\u001b[0m\n    \u001b[36m</h1>\u001b[39m\n    \u001b[36m<p\u001b[39m\n      \u001b[33mclass\u001b[39m=\u001b[32m\"subtitle\"\u001b[39m\n    \u001b[36m>\u001b[39m\n      \u001b[0mClassic 3×3 — local two‑player\u001b[0m\n    \u001b[36m</p>\u001b[39m\n  \u001b[36m</div>\u001b[39m\n\u001b[36m</div>\u001b[39m\n\nIgnored nodes: comments, script, style\n\u001b[36m<div\u001b[39m\n  \u001b[33mclass\u001b[39m=\u001b[32m\"brandText\"\u001b[39m\n\u001b[36m>\u001b[39m\n  \u001b[36m<h1\u001b[39m\n    \u001b[33mclass\u001b[39m=\u001b[32m\"title\"\u001b[39m\n  \u001b[36m>\u001b[39m\n    \u001b[0mTic‑Tac‑Toe\u001b[0m\n  \u001b[36m</h1>\u001b[39m\n  \u001b[36m<p\u001b[39m\n    \u001b[33mclass\u001b[39m=\u001b[32m\"subtitle\"\u001b[39m\n  \u001b[36m>\u001b[39m\n    \u001b[0mClassic 3×3 — local two‑player\u001b[0m\n  \u001b[36m</p>\u001b[39m\n\u001b[36m</div>\u001b[39m\n\nIgnored nodes: comments, script, style\n\u001b[36m<h1\u001b[39m\n  \u001b[33mclass\u001b[39m=\u001b[32m\"title\"\u001b[39m\n\u001b[36m>\u001b[39m\n  \u001b[0mTic‑Tac‑Toe\u001b[0m\n\u001b[36m</h1>\u001b[39m\n\n(If this is intentional, then use the `*AllBy*` variant of the query (like `queryAllByText`, `getAllByText`, or `findAllByText`)).\n\nIgnored nodes: comments, script, style\n\u001b[36m<body>\u001b[39m\n  \u001b[36m<div>\u001b[39m\n    \u001b[36m<div\u001b[39m\n      \u001b[33mclass\u001b[39m=\u001b[32m\"App\"\u001b[39m\n    \u001b[36m>\u001b[39m\n      \u001b[36m<main\u001b[39m\n        \u001b[33mclass\u001b[39m=\u001b[32m\"page\"\u001b[39m\n      \u001b[36m>\u001b[39m\n        \u001b[36m<header\u001b[39m\n          \u001b[33mclass\u001b[39m=\u001b[32m\"header\"\u001b[39m\n        \u001b[36m>\u001b[39m\n          \u001b[36m<div\u001b[39m\n            \u001b[33mclass\u001b[39m=\u001b[32m\"brand\"\u001b[39m\n          \u001b[36m>\u001b[39m\n            \u001b[36m<div\u001b[39m\n              \u001b[33maria-hidden\u001b[39m=\u001b[32m\"true\"\u001b[39m\n              \u001b[33mclass\u001b[39m=\u001b[32m\"badge\"\u001b[39m\n            \u001b[36m>\u001b[39m\n              \u001b[0mTTT\u001b[0m\n            \u001b[36m</div>\u001b[39m\n            \u001b[36m<div\u001b[39m\n              \u001b[33mclass\u001b[39m=\u001b[32m\"brandText\"\u001b[39m\n            \u001b[36m>\u001b[39m\n              \u001b[36m<h1\u001b[39m\n                \u001b[33mclass\u001b[39m=\u001b[32m\"title\"\u001b[39m\n              \u001b[36m>\u001b[39m\n                \u001b[0mTic‑Tac‑Toe\u001b[0m\n              \u001b[36m</h1>\u001b[39m\n              \u001b[36m<p\u001b[39m\n                \u001b[33mclass\u001b[39m=\u001b[32m\"subtitle\"\u001b[39m\n              \u001b[36m>\u001b[39m\n                \u001b[0mClassic 3×3 — local two‑player\u001b[0m\n              \u001b[36m</p>\u001b[39m\n            \u001b[36m</div>\u001b[39m\n          \u001b[36m</div>\u001b[39m\n        \u001b[36m</header>\u001b[39m\n        \u001b[36m<section\u001b[39m\n          \u001b[33maria-label\u001b[39m=\u001b[32m\"Game\"\u001b[39m\n          \u001b[33mclass\u001b[39m=\u001b[32m\"card\"\u001b[39m\n        \u001b[36m>\u001b[39m\n          \u001b[36m<div\u001b[39m\n            \u001b[33mclass\u001b[39m=\u001b[32m\"statusRow\"\u001b[39m\n          \u001b[36m>\u001b[39m\n            \u001b[36m<div\u001b[39m\n              \u001b[33maria-live\u001b[39m=\u001b[32m\"polite\"\u001b[39m\n              \u001b[33mclass\u001b[39m=\u001b[32m\"status\"\u001b[39m\n              \u001b[33mrole\u001b[39m=\u001b[32m\"status\"\u001b[39m\n            \u001b[36m>\u001b[39m\n              \u001b[36m<span\u001b[39m\n                \u001b[33mclass\u001b[39m=\u001b[32m\"statusLabel\"\u001b[39m\n              \u001b[36m>\u001b[39m\n                \u001b[0mStatus\u001b[0m\n              \u001b[36m</span>\u001b[39m\n              \u001b[36m<span\u001b[39m\n                \u001b[33mclass\u001b[39m=\u001b[32m\"statusValue \"\u001b[39m\n              \u001b[36m>\u001b[39m\n                \u001b[0mTurn: X\u001b[0m\n              \u001b[36m</span>\u001b[39m\n            \u001b[36m</div>\u001b[39m\n            \u001b[36m<div\u001b[39m\n              \u001b[33maria-label\u001b[39m=\u001b[32m\"Current player\"\u001b[39m\n              \u001b[33mclass\u001b[39m=\u001b[32m\"turnPills\"\u001b[39m\n            \u001b[36m>\u001b[39m\n              \u001b[36m<span\u001b[39m\n                \u001b[33mclass\u001b[39m=\u001b[32m\"pill pillActive\"\u001b[39m\n              \u001b[36m>\u001b[39m\n                \u001b[0mX\u001b[0m\n              \u001b[36m</span>\u001b[39m\n              \u001b[36m<span\u001b[39m\n                \u001b[33mclass\u001b[39m=\u001b[32m\"pill \"\u001b[39m\n              \u001b[36m>\u001b[39m\n                \u001b[0mO\u001b[0m\n              \u001b[36m</span>\u001b[39m\n            \u001b[36m</div>\u001b[39m\n          \u001b[36m</div>\u001b[39m\n          \u001b[36m<div\u001b[39m\n            \u001b[33mclass\u001b[39m=\u001b[32m\"boardWrap\"\u001b[39m\n          \u001b[36m>\u001b[39m\n            \u001b[36m<div\u001b[39m\n              \u001b[33maria-label\u001b[39m=\u001b[32m\"Tic tac toe board\"\u001b[39m\n              \u001b[33mclass\u001b[39m=\u001b[32m\"board\"\u001b[39m\n              \u001b[33mrole\u001b[39m=\u001b[32m\"grid\"\u001b[39m\n            \u001b[36m>\u001b[39m\n              \u001b[36m<button\u001b[39m\n                \u001b[33maria-disabled\u001b[39m=\u001b[32m\"false\"\u001b[39m\n                \u001b[33maria-label\u001b[39m=\u001b[32m\"Square 1\"\u001b[39m\n                \u001b[33mclass\u001b[39m=\u001b[32m\"square  \"\u001b[39m\n                \u001b[33mrole\u001b[39m=\u001b[32m\"gridcell\"\u001b[39m\n                \u001b[33mtype\u001b[39m=\u001b[32m\"button\"\u001b[39m\n              \u001b[36m>\u001b[39m\n                \u001b[36m<span\u001b[39m\n                  \u001b[33maria-hidden\u001b[39m=\u001b[32m\"true\"\u001b[39m\n                  \u001b[33mclass\u001b[39m=\u001b[32m\"squareValue\"\u001b[39m\n                \u001b[36m/>\u001b[39m\n              \u001b[36m</button>\u001b[39m\n              \u001b[36m<button\u001b[39m\n                \u001b[33maria-disabled\u001b[39m=\u001b[32m\"false\"\u001b[39m\n                \u001b[33maria-label\u001b[39m=\u001b[32m\"Square 2\"\u001b[39m\n                \u001b[33mclass\u001b[39m=\u001b[32m\"square  \"\u001b[39m\n                \u001b[33mrole\u001b[39m=\u001b[32m\"gridcell\"\u001b[39m\n                \u001b[33mtype\u001b[39m=\u001b[32m\"button\"\u001b[39m\n              \u001b[36m>\u001b[39m\n                \u001b[36m<span\u001b[39m\n                  \u001b[33maria-hidden\u001b[39m=\u001b[32m\"true\"\u001b[39m\n                  \u001b[33mclass\u001b[39m=\u001b[32m\"squareValue\"\u001b[39m\n                \u001b[36m/>\u001b[39m\n              \u001b[36m</button>\u001b[39m\n              \u001b[36m<button\u001b[39m\n                \u001b[33maria-disabled\u001b[39m=\u001b[32m\"false\"\u001b[39m\n                \u001b[33maria-label\u001b[39m=\u001b[32m\"Square 3\"\u001b[39m\n                \u001b[33mclass\u001b[39m=\u001b[32m\"square  \"\u001b[39m\n                \u001b[33mrole\u001b[39m=\u001b[32m\"gridcell\"\u001b[39m\n                \u001b[33mtype\u001b[39m=\u001b[32m\"button\"\u001b[39m\n              \u001b[36m>\u001b[39m\n                \u001b[36m<span\u001b[39m\n                  \u001b[33maria-hidden\u001b[39m=\u001b[32m\"true\"\u001b[39m\n                  \u001b[33mclass\u001b[39m=\u001b[32m\"squareValue\"\u001b[39m\n                \u001b[36m/>\u001b[39m\n              \u001b[36m</button>\u001b[39m\n              \u001b[36m<button\u001b[39m\n                \u001b[33maria-disabled\u001b[39m=\u001b[32m\"false\"\u001b[39m\n                \u001b[33maria-label\u001b[39m=\u001b[32m\"Square 4\"\u001b[39m\n                \u001b[33mclass\u001b[39m=\u001b[32m\"square  \"\u001b[39m\n                \u001b[33mrole\u001b[39m=\u001b[32m\"gridcell\"\u001b[39m\n                \u001b[33mtype\u001b[39m=\u001b[32m\"button\"\u001b[39m\n              \u001b[36m>\u001b[39m\n                \u001b[36m<span\u001b[39m\n                  \u001b[33maria-hidden\u001b[39m=\u001b[32m\"true\"\u001b[39m\n                  \u001b[33mclass\u001b[39m=\u001b[32m\"squareValue\"\u001b[39m\n                \u001b[36m/>\u001b[39m\n              \u001b[36m</button>\u001b[39m\n              \u001b[36m<button\u001b[39m\n                \u001b[33maria-disabled\u001b[39m=\u001b[32m\"false\"\u001b[39m\n                \u001b[33maria-label\u001b[39m=\u001b[32m\"Square 5\"\u001b[39m\n                \u001b[33mclass\u001b[39m=\u001b[32m\"square  \"\u001b[39m\n                \u001b[33mrole\u001b[39m=\u001b[32m\"gridcell\"\u001b[39m\n                \u001b[33mtype\u001b[39m=\u001b[32m\"button\"\u001b[39m\n              \u001b[36m>\u001b[39m\n                \u001b[36m<span\u001b[39m\n                  \u001b[33maria-hidden\u001b[39m=\u001b[32m\"true\"\u001b[39m\n                  \u001b[33mclass\u001b[39m=\u001b[32m\"squareValue\"\u001b[39m\n                \u001b[36m/>\u001b[39m\n              \u001b[36m</button>\u001b[39m\n              \u001b[36m<button\u001b[39m\n                \u001b[33maria-disabled\u001b[39m=\u001b[32m\"false\"\u001b[39m\n                \u001b[33maria-label\u001b[39m=\u001b[32m\"Square 6\"\u001b[39m\n                \u001b[33mclass\u001b[39m=\u001b[32m\"square  \"\u001b[39m\n                \u001b[33mrole\u001b[39m=\u001b[32m\"gridcell\"\u001b[39m\n                \u001b[33mtype\u001b[39m=\u001b[32m\"button\"\u001b[39m\n              \u001b[36m>\u001b[39m\n                \u001b[36m<span\u001b[39m\n                  \u001b[33maria-hidden\u001b[39m=\u001b[32m\"true\"\u001b[39m\n                  \u001b[33mclass\u001b[39m=\u001b[32m\"squareValue\"\u001b[39m\n                \u001b[36m/>\u001b[39m\n              \u001b[36m</button>\u001b[39m\n              \u001b[36m<button\u001b[39m\n                \u001b[33maria-disabled\u001b[39m=\u001b[32m\"false\"\u001b[39m\n                \u001b[33maria-label\u001b[39m=\u001b[32m\"Square 7\"\u001b[39m\n                \u001b[33mclass\u001b[39m=\u001b[32m\"square  \"\u001b[39m\n                \u001b[33mrole\u001b[39m=\u001b[32m\"gridcell\"\u001b[39m\n                \u001b[33mtype\u001b[39m=\u001b[32m\"button\"\u001b[39m\n              \u001b[36m>\u001b[39m\n                \u001b[36m<span\u001b[39m\n                  \u001b[33maria-hidden\u001b[39m=\u001b[32m\"true\"\u001b[39m\n                  \u001b[33mclass\u001b[39m=\u001b[32m\"squareValue\"\u001b[39m\n                \u001b[36m/>\u001b[39m\n              \u001b[36m</button>\u001b[39m\n              \u001b[36m<button\u001b[39m\n                \u001b[33maria-disabled\u001b[39m=\u001b[32m\"false\"\u001b[39m\n                \u001b[33maria-label\u001b[39m=\u001b[32m\"Square 8\"\u001b[39m\n                \u001b[33mclass\u001b[39m=\u001b[32m\"square  \"\u001b[39m\n                \u001b[33mrole\u001b[39m=\u001b[32m\"gridcell\"\u001b[39m\n                \u001b[33mtype\u001b[39m=\u001b[32m\"button\"\u001b[39m\n              \u001b[36m>\u001b[39m\n                \u001b[36m<span\u001b[39m\n                  \u001b[33maria-hidden\u001b[39m=\u001b[32m\"true\"\u001b[39m\n                  \u001b[33mclass\u001b[39m=\u001b[32m\"squareValue\"\u001b[39m\n                \u001b[36m/>\u001b[39m\n              \u001b[36m</button>\u001b[39m\n              \u001b[36m<button\u001b[39m\n                \u001b[33maria-disabled\u001b[39m=\u001b[32m\"false\"\u001b[39m\n                \u001b[33maria-label\u001b[39m=\u001b[32m\"Square 9\"\u001b[39m\n                \u001b[33mclass\u001b[39m=\u001b[32m\"square  \"\u001b[39m\n                \u001b[33mrole\u001b[39m=\u001b[32m\"gridcell\"\u001b[39m\n                \u001b[33mtype\u001b[39m=\u001b[32m\"button\"\u001b[39m\n              \u001b[36m>\u001b[39m\n                \u001b[36m<span\u001b[39m\n                  \u001b[33maria-hidden\u001b[39m=\u001b[32m\"true\"\u001b[39m\n                  \u001b[33mclass\u001b[39m=\u001b[32m\"squareValue\"\u001b[39m\n                \u001b[36m/>\u001b[39m\n              \u001b[36m</button>\u001b[39m\n            \u001b[36m</div>\u001b[39m\n          \u001b[36m</div>\u001b[39m\n          \u001b[36m<div\u001b[39m\n            \u001b[33maria-label\u001b[39m=\u001b[32m\"Controls\"\u001b[39m\n            \u001b[33mclass\u001b[39m=\u001b[32m\"controls\"\u001b[39m\n          \u001b[36m>\u001b[39m\n            \u001b[36m<button\u001b[39m\n              \u001b[33mclass\u001b[39m=\u001b[32m\"btn btnPrimary\"\u001b[39m\n              \u001b[33mtype\u001b[39m=\u001b[32m\"button\"\u001b[39m\n            \u001b[36m>\u001b[39m\n              \u001b[0mRestart\u001b[0m\n            \u001b[36m</button>\u001b[39m\n            \u001b[36m<button\u001b[39m\n              \u001b[33mclass\u001b[39m=\u001b[32m\"btn btnSecondary\"\u001b[39m\n              \u001b[33mtitle\u001b[39m=\u001b[32m\"Clear the board and alternate who starts\"\u001b[39m\n              \u001b[33mtype\u001b[39m=\u001b[32m\"button\"\u001b[39m\n            \u001b[36m>\u001b[39m\n              \u001b[0mNew game (alternate start)\u001b[0m\n            \u001b[36m</button>\u001b[39m\n          \u001b[36m</div>\u001b[39m\n          \u001b[36m<p\u001b[39m\n            \u001b[33mclass\u001b[39m=\u001b[32m\"helper\"\u001b[39m\n          \u001b[36m>\u001b[39m\n            \u001b[0mTip: You can use keyboard navigation (Tab) to focus squares and press Enter/Space to place a mark.\u001b[0m\n          \u001b[36m</p>\u001b[39m\n        \u001b[36m</section>\u001b[39m\n        \u001b[36m<footer\u001b[39m\n          \u001b[33mclass\u001b[39m=\u001b[32m\"footer\"\u001b[39m\n        \u001b[36m>\u001b[39m\n          \u001b[36m<span\u001b[39m\n            \u001b[33mclass\u001b[39m=\u001b[32m\"footerText\"\u001b[39m\n          \u001b[36m>\u001b[39m\n            \u001b[0mFrontend‑only • No network required\u001b[0m\n          \u001b[36m</span>\u001b[39m\n        \u001b[36m</footer>\u001b[39m\n      \u001b[36m</main>\u001b[39m\n    \u001b[36m</div>\u001b[39m\n  \u001b[36m</div>\u001b[39m\n\u001b[36m</body>\u001b[39m\n    at Object.getElementError (/home/kavia/workspace/code-generation/tic-tac-toe-classic-329205-329219/tic_tac_toe_frontend/node_modules/@testing-library/dom/dist/config.js:37:19)\n    at getElementError (/home/kavia/workspace/code-generation/tic-tac-toe-classic-329205-329219/tic_tac_toe_frontend/node_modules/@testing-library/dom/dist/query-helpers.js:20:35)\n    at getMultipleElementsFoundError (/home/kavia/workspace/code-generation/tic-tac-toe-classic-329205-329219/tic_tac_toe_frontend/node_modules/@testing-library/dom/dist/query-helpers.js:23:10)\n    at /home/kavia/workspace/code-generation/tic-tac-toe-classic-329205-329219/tic_tac_toe_frontend/node_modules/@testing-library/dom/dist/query-helpers.js:55:13\n    at getByText (/home/kavia/workspace/code-generation/tic-tac-toe-classic-329205-329219/tic_tac_toe_frontend/node_modules/@testing-library/dom/dist/query-helpers.js:95:19)\n    at Object.<anonymous> (/home/kavia/workspace/code-generation/tic-tac-toe-classic-329205-329219/tic_tac_toe_frontend/src/App.test.js:15:17)\n    at Promise.then.completed (/home/kavia/workspace/code-generation/tic-tac-toe-classic-329205-329219/tic_tac_toe_frontend/node_modules/jest-circus/build/utils.js:391:28)\n    at new Promise (<anonymous>)\n    at callAsyncCircusFn (/home/kavia/workspace/code-generation/tic-tac-toe-classic-329205-329219/tic_tac_toe_frontend/node_modules/jest-circus/build/utils.js:316:10)\n    at _callCircusTest (/home/kavia/workspace/code-generation/tic-tac-toe-classic-329205-329219/tic_tac_toe_frontend/node_modules/jest-circus/build/run.js:218:40)\n    at _runTest (/home/kavia/workspace/code-generation/tic-tac-toe-classic-329205-329219/tic_tac_toe_frontend/node_modules/jest-circus/build/run.js:155:3)\n    at _runTestsForDescribeBlock (/home/kavia/workspace/code-generation/tic-tac-toe-classic-329205-329219/tic_tac_toe_frontend/node_modules/jest-circus/build/run.js:66:9)\n    at run (/home/kavia/workspace/code-generation/tic-tac-toe-classic-329205-329219/tic_tac_toe_frontend/node_modules/jest-circus/build/run.js:25:3)\n    at runAndTransformResultsToJestFormat (/home/kavia/workspace/code-generation/tic-tac-toe-classic-329205-329219/tic_tac_toe_frontend/node_modules/jest-circus/build/legacy-code-todo-rewrite/jestAdapterInit.js:170:21)\n    at jestAdapter (/home/kavia/workspace/code-generation/tic-tac-toe-classic-329205-329219/tic_tac_toe_frontend/node_modules/jest-circus/build/legacy-code-todo-rewrite/jestAdapter.js:82:19)\n    at runTestInternal (/home/kavia/workspace/code-generation/tic-tac-toe-classic-329205-329219/tic_tac_toe_frontend/node_modules/jest-runner/build/runTest.js:389:16)\n    at runTest (/home/kavia/workspace/code-generation/tic-tac-toe-classic-329205-329219/tic_tac_toe_frontend/node_modules/jest-runner/build/runTest.js:475:34)\n    at TestRunner.runTests (/home/kavia/workspace/code-generation/tic-tac-toe-classic-329205-329219/tic_tac_toe_frontend/node_modules/jest-runner/build/index.js:101:12)\n    at TestScheduler.scheduleTests (/home/kavia/workspace/code-generation/tic-tac-toe-classic-329205-329219/tic_tac_toe_frontend/node_modules/@jest/core/build/TestScheduler.js:333:13)\n    at runJest (/home/kavia/workspace/code-generation/tic-tac-toe-classic-329205-329219/tic_tac_toe_frontend/node_modules/@jest/core/build/runJest.js:404:19)\n    at _run10000 (/home/kavia/workspace/code-generation/tic-tac-toe-classic-329205-329219/tic_tac_toe_frontend/node_modules/@jest/core/build/cli/index.js:320:7)\n    at runCLI (/home/kavia/workspace/code-generation/tic-tac-toe-classic-329205-329219/tic_tac_toe_frontend/node_modules/@jest/core/build/cli/index.js:173:3)\n    at Object.run (/home/kavia/workspace/code-generation/tic-tac-toe-classic-329205-329219/tic_tac_toe_frontend/node_modules/jest-cli/build/cli/index.js:155:37)"],"fullName":"renders tic-tac-toe title and restart control","location":null,"status":"failed","title":"renders tic-tac-toe title and restart control"}],"endTime":1772697169193,"message":"  ● renders tic-tac-toe title and restart control\n\n    TestingLibraryElementError: Found multiple elements with the text: (_content, node) => {\n        const text = (node === null || node === void 0 ? void 0 : node.textContent) || '';\n        const normalized = text.replace(/[‐‑‒–−-]/g, '-');\n        return /tic-tac-toe/i.test(normalized);\n      }\n\n    Here are the matching elements:\n\n    Ignored nodes: comments, script, style\n    \u001b[36m<body>\u001b[39m\n      \u001b[36m<div>\u001b[39m\n        \u001b[36m<div\u001b[39m\n          \u001b[33mclass\u001b[39m=\u001b[32m\"App\"\u001b[39m\n        \u001b[36m>\u001b[39m\n          \u001b[36m<main\u001b[39m\n            \u001b[33mclass\u001b[39m=\u001b[32m\"page\"\u001b[39m\n          \u001b[36m>\u001b[39m\n            \u001b[36m<header\u001b[39m\n              \u001b[33mclass\u001b[39m=\u001b[32m\"header\"\u001b[39m\n            \u001b[36m>\u001b[39m\n              \u001b[36m<div\u001b[39m\n                \u001b[33mclass\u001b[39m=\u001b[32m\"brand\"\u001b[39m\n              \u001b[36m>\u001b[39m\n                \u001b[36m<div\u001b[39m\n                  \u001b[33maria-hidden\u001b[39m=\u001b[32m\"true\"\u001b[39m\n                  \u001b[33mclass\u001b[39m=\u001b[32m\"badge\"\u001b[39m\n                \u001b[36m>\u001b[39m\n                  \u001b[0mTTT\u001b[0m\n                \u001b[36m</div>\u001b[39m\n                \u001b[36m<div\u001b[39m\n                  \u001b[33mclass\u001b[39m=\u001b[32m\"brandText\"\u001b[39m\n                \u001b[36m>\u001b[39m\n                  \u001b[36m<h1\u001b[39m\n                    \u001b[33mclass\u001b[39m=\u001b[32m\"title\"\u001b[39m\n                  \u001b[36m>\u001b[39m\n                    \u001b[0mTic‑Tac‑Toe\u001b[0m\n                  \u001b[36m</h1>\u001b[39m\n                  \u001b[36m<p\u001b[39m\n                    \u001b[33mclass\u001b[39m=\u001b[32m\"subtitle\"\u001b[39m\n                  \u001b[36m>\u001b[39m\n                    \u001b[0mClassic 3×3 — local two‑player\u001b[0m\n                  \u001b[36m</p>\u001b[39m\n                \u001b[36m</div>\u001b[39m\n              \u001b[36m</div>\u001b[39m\n            \u001b[36m</header>\u001b[39m\n            \u001b[36m<section\u001b[39m\n              \u001b[33maria-label\u001b[39m=\u001b[32m\"Game\"\u001b[39m\n              \u001b[33mclass\u001b[39m=\u001b[32m\"card\"\u001b[39m\n            \u001b[36m>\u001b[39m\n              \u001b[36m<div\u001b[39m\n                \u001b[33mclass\u001b[39m=\u001b[32m\"statusRow\"\u001b[39m\n              \u001b[36m>\u001b[39m\n                \u001b[36m<div\u001b[39m\n                  \u001b[33maria-live\u001b[39m=\u001b[32m\"polite\"\u001b[39m\n                  \u001b[33mclass\u001b[39m=\u001b[32m\"status\"\u001b[39m\n                  \u001b[33mrole\u001b[39m=\u001b[32m\"status\"\u001b[39m\n                \u001b[36m>\u001b[39m\n                  \u001b[36m<span\u001b[39m\n                    \u001b[33mclass\u001b[39m=\u001b[32m\"statusLabel\"\u001b[39m\n                  \u001b[36m>\u001b[39m\n                    \u001b[0mStatus\u001b[0m\n                  \u001b[36m</span>\u001b[39m\n                  \u001b[36m<span\u001b[39m\n                    \u001b[33mclass\u001b[39m=\u001b[32m\"statusValue \"\u001b[39m\n                  \u001b[36m>\u001b[39m\n                    \u001b[0mTurn: X\u001b[0m\n                  \u001b[36m</span>\u001b[39m\n                \u001b[36m</div>\u001b[39m\n                \u001b[36m<div\u001b[39m\n                  \u001b[33maria-label\u001b[39m=\u001b[32m\"Current player\"\u001b[39m\n                  \u001b[33mclass\u001b[39m=\u001b[32m\"turnPills\"\u001b[39m\n                \u001b[36m>\u001b[39m\n                  \u001b[36m<span\u001b[39m\n                    \u001b[33mclass\u001b[39m=\u001b[32m\"pill pillActive\"\u001b[39m\n                  \u001b[36m>\u001b[39m\n                    \u001b[0mX\u001b[0m\n                  \u001b[36m</span>\u001b[39m\n                  \u001b[36m<span\u001b[39m\n                    \u001b[33mclass\u001b[39m=\u001b[32m\"pill \"\u001b[39m\n                  \u001b[36m>\u001b[39m\n                    \u001b[0mO\u001b[0m\n                  \u001b[36m</span>\u001b[39m\n                \u001b[36m</div>\u001b[39m\n              \u001b[36m</div>\u001b[39m\n              \u001b[36m<div\u001b[39m\n                \u001b[33mclass\u001b[39m=\u001b[32m\"boardWrap\"\u001b[39m\n              \u001b[36m>\u001b[39m\n                \u001b[36m<div\u001b[39m\n                  \u001b[33maria-label\u001b[39m=\u001b[32m\"Tic tac toe board\"\u001b[39m\n                  \u001b[33mclass\u001b[39m=\u001b[32m\"board\"\u001b[39m\n                  \u001b[33mrole\u001b[39m=\u001b[32m\"grid\"\u001b[39m\n                \u001b[36m>\u001b[39m\n                  \u001b[36m<button\u001b[39m\n                    \u001b[33maria-disabled\u001b[39m=\u001b[32m\"false\"\u001b[39m\n                    \u001b[33maria-label\u001b[39m=\u001b[32m\"Square 1\"\u001b[39m\n                    \u001b[33mclass\u001b[39m=\u001b[32m\"square  \"\u001b[39m\n                    \u001b[33mrole\u001b[39m=\u001b[32m\"gridcell\"\u001b[39m\n                    \u001b[33mtype\u001b[39m=\u001b[32m\"button\"\u001b[39m\n                  \u001b[36m>\u001b[39m\n                    \u001b[36m<span\u001b[39m\n                      \u001b[33maria-hidden\u001b[39m=\u001b[32m\"true\"\u001b[39m\n                      \u001b[33mclass\u001b[39m=\u001b[32m\"squareValue\"\u001b[39m\n                    \u001b[36m/>\u001b[39m\n                  \u001b[36m</button>\u001b[39m\n                  \u001b[36m<button\u001b[39m\n                    \u001b[33maria-disabled\u001b[39m=\u001b[32m\"false\"\u001b[39m\n                    \u001b[33maria-label\u001b[39m=\u001b[32m\"Square 2\"\u001b[39m\n                    \u001b[33mclass\u001b[39m=\u001b[32m\"square  \"\u001b[39m\n                    \u001b[33mrole\u001b[39m=\u001b[32m\"gridcell\"\u001b[39m\n                    \u001b[33mtype\u001b[39m=\u001b[32m\"button\"\u001b[39m\n                  \u001b[36m>\u001b[39m\n                    \u001b[36m<span\u001b[39m\n                      \u001b[33maria-hidden\u001b[39m=\u001b[32m\"true\"\u001b[39m\n                      \u001b[33mclass\u001b[39m=\u001b[32m\"squareValue\"\u001b[39m\n                    \u001b[36m/>\u001b[39m\n                  \u001b[36m</button>\u001b[39m\n                  \u001b[36m<button\u001b[39m\n                    \u001b[33maria-disabled\u001b[39m=\u001b[32m\"false\"\u001b[39m\n                    \u001b[33maria-label\u001b[39m=\u001b[32m\"Square 3\"\u001b[39m\n                    \u001b[33mclass\u001b[39m=\u001b[32m\"square  \"\u001b[39m\n                    \u001b[33mrole\u001b[39m=\u001b[32m\"gridcell\"\u001b[39m\n                    \u001b[33mtype\u001b[39m=\u001b[32m\"button\"\u001b[39m\n                  \u001b[36m>\u001b[39m\n                    \u001b[36m<span\u001b[39m\n                      \u001b[33maria-hidden\u001b[39m=\u001b[32m\"true\"\u001b[39m\n                      \u001b[33mclass\u001b[39m=\u001b[32m\"squareValue\"\u001b[39m\n                    \u001b[36m/>\u001b[39m\n                  \u001b[36m</button>\u001b[39m\n                  \u001b[36m<button\u001b[39m\n                    \u001b[33maria-disabled\u001b[39m=\u001b[32m\"false\"\u001b[39m\n                    \u001b[33maria-label\u001b[39m=\u001b[32m\"Square 4\"\u001b[39m\n                    \u001b[33mclass\u001b[39m=\u001b[32m\"square  \"\u001b[39m\n                    \u001b[33mrole\u001b[39m=\u001b[32m\"gridcell\"\u001b[39m\n                    \u001b[33mtype\u001b[39m=\u001b[32m\"button\"\u001b[39m\n                  \u001b[36m>\u001b[39m\n                    \u001b[36m<span\u001b[39m\n                      \u001b[33maria-hidden\u001b[39m=\u001b[32m\"true\"\u001b[39m\n                      \u001b[33mclass\u001b[39m=\u001b[32m\"squareValue\"\u001b[39m\n                    \u001b[36m/>\u001b[39m\n                  \u001b[36m</button>\u001b[39m\n                  \u001b[36m<button\u001b[39m\n                    \u001b[33maria-disabled\u001b[39m=\u001b[32m\"false\"\u001b[39m\n                    \u001b[33maria-label\u001b[39m=\u001b[32m\"Square 5\"\u001b[39m\n                    \u001b[33mclass\u001b[39m=\u001b[32m\"square  \"\u001b[39m\n                    \u001b[33mrole\u001b[39m=\u001b[32m\"gridcell\"\u001b[39m\n                    \u001b[33mtype\u001b[39m=\u001b[32m\"button\"\u001b[39m\n                  \u001b[36m>\u001b[39m\n                    \u001b[36m<span\u001b[39m\n                      \u001b[33maria-hidden\u001b[39m=\u001b[32m\"true\"\u001b[39m\n                      \u001b[33mclass\u001b[39m=\u001b[32m\"squareValue\"\u001b[39m\n                    \u001b[36m/>\u001b[39m\n                  \u001b[36m</button>\u001b[39m\n                  \u001b[36m<button\u001b[39m\n                    \u001b[33maria-disabled\u001b[39m=\u001b[32m\"false\"\u001b[39m\n                    \u001b[33maria-label\u001b[39m=\u001b[32m\"Square 6\"\u001b[39m\n                    \u001b[33mclass\u001b[39m=\u001b[32m\"square  \"\u001b[39m\n                    \u001b[33mrole\u001b[39m=\u001b[32m\"gridcell\"\u001b[39m\n                    \u001b[33mtype\u001b[39m=\u001b[32m\"button\"\u001b[39m\n                  \u001b[36m>\u001b[39m\n                    \u001b[36m<span\u001b[39m\n                      \u001b[33maria-hidden\u001b[39m=\u001b[32m\"true\"\u001b[39m\n                      \u001b[33mclass\u001b[39m=\u001b[32m\"squareValue\"\u001b[39m\n                    \u001b[36m/>\u001b[39m\n                  \u001b[36m</button>\u001b[39m\n                  \u001b[36m<button\u001b[39m\n                    \u001b[33maria-disabled\u001b[39m=\u001b[32m\"false\"\u001b[39m\n                    \u001b[33maria-label\u001b[39m=\u001b[32m\"Square 7\"\u001b[39m\n                    \u001b[33mclass\u001b[39m=\u001b[32m\"square  \"\u001b[39m\n                    \u001b[33mrole\u001b[39m=\u001b[32m\"gridcell\"\u001b[39m\n                    \u001b[33mtype\u001b[39m=\u001b[32m\"button\"\u001b[39m\n                  \u001b[36m>\u001b[39m\n                    \u001b[36m<span\u001b[39m\n                      \u001b[33maria-hidden\u001b[39m=\u001b[32m\"true\"\u001b[39m\n                      \u001b[33mclass\u001b[39m=\u001b[32m\"squareValue\"\u001b[39m\n                    \u001b[36m/>\u001b[39m\n                  \u001b[36m</button>\u001b[39m\n                  \u001b[36m<button\u001b[39m\n                    \u001b[33maria-disabled\u001b[39m=\u001b[32m\"false\"\u001b[39m\n                    \u001b[33maria-label\u001b[39m=\u001b[32m\"Square 8\"\u001b[39m\n                    \u001b[33mclass\u001b[39m=\u001b[32m\"square  \"\u001b[39m\n                    \u001b[33mrole\u001b[39m=\u001b[32m\"gridcell\"\u001b[39m\n                    \u001b[33mtype\u001b[39m=\u001b[32m\"button\"\u001b[39m\n                  \u001b[36m>\u001b[39m\n                    \u001b[36m<span\u001b[39m\n                      \u001b[33maria-hidden\u001b[39m=\u001b[32m\"true\"\u001b[39m\n          
[...]
001b[39m\n            \u001b[33mclass\u001b[39m=\u001b[32m\"btn btnSecondary\"\u001b[39m\n            \u001b[33mtitle\u001b[39m=\u001b[32m\"Clear the board and alternate who starts\"\u001b[39m\n            \u001b[33mtype\u001b[39m=\u001b[32m\"button\"\u001b[39m\n          \u001b[36m>\u001b[39m\n            \u001b[0mNew game (alternate start)\u001b[0m\n          \u001b[36m</button>\u001b[39m\n        \u001b[36m</div>\u001b[39m\n        \u001b[36m<p\u001b[39m\n          \u001b[33mclass\u001b[39m=\u001b[32m\"helper\"\u001b[39m\n        \u001b[36m>\u001b[39m\n          \u001b[0mTip: You can use keyboard navigation (Tab) to focus squares and press Enter/Space to place a mark.\u001b[0m\n        \u001b[36m</p>\u001b[39m\n      \u001b[36m</section>\u001b[39m\n      \u001b[36m<footer\u001b[39m\n        \u001b[33mclass\u001b[39m=\u001b[32m\"footer\"\u001b[39m\n      \u001b[36m>\u001b[39m\n        \u001b[36m<span\u001b[39m\n          \u001b[33mclass\u001b[39m=\u001b[32m\"footerText\"\u001b[39m\n        \u001b[36m>\u001b[39m\n          \u001b[0mFrontend‑only • No network required\u001b[0m\n        \u001b[36m</span>\u001b[39m\n      \u001b[36m</footer>\u001b[39m\n    \u001b[36m</main>\u001b[39m\n\n    Ignored nodes: comments, script, style\n    \u001b[36m<header\u001b[39m\n      \u001b[33mclass\u001b[39m=\u001b[32m\"header\"\u001b[39m\n    \u001b[36m>\u001b[39m\n      \u001b[36m<div\u001b[39m\n        \u001b[33mclass\u001b[39m=\u001b[32m\"brand\"\u001b[39m\n      \u001b[36m>\u001b[39m\n        \u001b[36m<div\u001b[39m\n          \u001b[33maria-hidden\u001b[39m=\u001b[32m\"true\"\u001b[39m\n          \u001b[33mclass\u001b[39m=\u001b[32m\"badge\"\u001b[39m\n        \u001b[36m>\u001b[39m\n          \u001b[0mTTT\u001b[0m\n        \u001b[36m</div>\u001b[39m\n        \u001b[36m<div\u001b[39m\n          \u001b[33mclass\u001b[39m=\u001b[32m\"brandText\"\u001b[39m\n        \u001b[36m>\u001b[39m\n          \u001b[36m<h1\u001b[39m\n            \u001b[33mclass\u001b[39m=\u001b[32m\"title\"\u001b[39m\n          \u001b[36m>\u001b[39m\n            \u001b[0mTic‑Tac‑Toe\u001b[0m\n          \u001b[36m</h1>\u001b[39m\n          \u001b[36m<p\u001b[39m\n            \u001b[33mclass\u001b[39m=\u001b[32m\"subtitle\"\u001b[39m\n          \u001b[36m>\u001b[39m\n            \u001b[0mClassic 3×3 — local two‑player\u001b[0m\n          \u001b[36m</p>\u001b[39m\n        \u001b[36m</div>\u001b[39m\n      \u001b[36m</div>\u001b[39m\n    \u001b[36m</header>\u001b[39m\n\n    Ignored nodes: comments, script, style\n    \u001b[36m<div\u001b[39m\n      \u001b[33mclass\u001b[39m=\u001b[32m\"brand\"\u001b[39m\n    \u001b[36m>\u001b[39m\n      \u001b[36m<div\u001b[39m\n        \u001b[33maria-hidden\u001b[39m=\u001b[32m\"true\"\u001b[39m\n        \u001b[33mclass\u001b[39m=\u001b[32m\"badge\"\u001b[39m\n      \u001b[36m>\u001b[39m\n        \u001b[0mTTT\u001b[0m\n      \u001b[36m</div>\u001b[39m\n      \u001b[36m<div\u001b[39m\n        \u001b[33mclass\u001b[39m=\u001b[32m\"brandText\"\u001b[39m\n      \u001b[36m>\u001b[39m\n        \u001b[36m<h1\u001b[39m\n          \u001b[33mclass\u001b[39m=\u001b[32m\"title\"\u001b[39m\n        \u001b[36m>\u001b[39m\n          \u001b[0mTic‑Tac‑Toe\u001b[0m\n        \u001b[36m</h1>\u001b[39m\n        \u001b[36m<p\u001b[39m\n          \u001b[33mclass\u001b[39m=\u001b[32m\"subtitle\"\u001b[39m\n        \u001b[36m>\u001b[39m\n          \u001b[0mClassic 3×3 — local two‑player\u001b[0m\n        \u001b[36m</p>\u001b[39m\n      \u001b[36m</div>\u001b[39m\n    \u001b[36m</div>\u001b[39m\n\n    Ignored nodes: comments, script, style\n    \u001b[36m<div\u001b[39m\n      \u001b[33mclass\u001b[39m=\u001b[32m\"brandText\"\u001b[39m\n    \u001b[36m>\u001b[39m\n      \u001b[36m<h1\u001b[39m\n        \u001b[33mclass\u001b[39m=\u001b[32m\"title\"\u001b[39m\n      \u001b[36m>\u001b[39m\n        \u001b[0mTic‑Tac‑Toe\u001b[0m\n      \u001b[36m</h1>\u001b[39m\n      \u001b[36m<p\u001b[39m\n        \u001b[33mclass\u001b[39m=\u001b[32m\"subtitle\"\u001b[39m\n      \u001b[36m>\u001b[39m\n        \u001b[0mClassic 3×3 — local two‑player\u001b[0m\n      \u001b[36m</p>\u001b[39m\n    \u001b[36m</div>\u001b[39m\n\n    Ignored nodes: comments, script, style\n    \u001b[36m<h1\u001b[39m\n      \u001b[33mclass\u001b[39m=\u001b[32m\"title\"\u001b[39m\n    \u001b[36m>\u001b[39m\n      \u001b[0mTic‑Tac‑Toe\u001b[0m\n    \u001b[36m</h1>\u001b[39m\n\n    (If this is intentional, then use the `*AllBy*` variant of the query (like `queryAllByText`, `getAllByText`, or `findAllByText`)).\n\n    Ignored nodes: comments, script, style\n    \u001b[36m<body>\u001b[39m\n      \u001b[36m<div>\u001b[39m\n        \u001b[36m<div\u001b[39m\n          \u001b[33mclass\u001b[39m=\u001b[32m\"App\"\u001b[39m\n        \u001b[36m>\u001b[39m\n          \u001b[36m<main\u001b[39m\n            \u001b[33mclass\u001b[39m=\u001b[32m\"page\"\u001b[39m\n          \u001b[36m>\u001b[39m\n            \u001b[36m<header\u001b[39m\n              \u001b[33mclass\u001b[39m=\u001b[32m\"header\"\u001b[39m\n            \u001b[36m>\u001b[39m\n              \u001b[36m<div\u001b[39m\n                \u001b[33mclass\u001b[39m=\u001b[32m\"brand\"\u001b[39m\n              \u001b[36m>\u001b[39m\n                \u001b[36m<div\u001b[39m\n                  \u001b[33maria-hidden\u001b[39m=\u001b[32m\"true\"\u001b[39m\n                  \u001b[33mclass\u001b[39m=\u001b[32m\"badge\"\u001b[39m\n                \u001b[36m>\u001b[39m\n                  \u001b[0mTTT\u001b[0m\n                \u001b[36m</div>\u001b[39m\n                \u001b[36m<div\u001b[39m\n                  \u001b[33mclass\u001b[39m=\u001b[32m\"brandText\"\u001b[39m\n                \u001b[36m>\u001b[39m\n                  \u001b[36m<h1\u001b[39m\n                    \u001b[33mclass\u001b[39m=\u001b[32m\"title\"\u001b[39m\n                  \u001b[36m>\u001b[39m\n                    \u001b[0mTic‑Tac‑Toe\u001b[0m\n                  \u001b[36m</h1>\u001b[39m\n                  \u001b[36m<p\u001b[39m\n                    \u001b[33mclass\u001b[39m=\u001b[32m\"subtitle\"\u001b[39m\n                  \u001b[36m>\u001b[39m\n                    \u001b[0mClassic 3×3 — local two‑player\u001b[0m\n                  \u001b[36m</p>\u001b[39m\n                \u001b[36m</div>\u001b[39m\n              \u001b[36m</div>\u001b[39m\n            \u001b[36m</header>\u001b[39m\n            \u001b[36m<section\u001b[39m\n              \u001b[33maria-label\u001b[39m=\u001b[32m\"Game\"\u001b[39m\n              \u001b[33mclass\u001b[39m=\u001b[32m\"card\"\u001b[39m\n            \u001b[36m>\u001b[39m\n              \u001b[36m<div\u001b[39m\n                \u001b[33mclass\u001b[39m=\u001b[32m\"statusRow\"\u001b[39m\n              \u001b[36m>\u001b[39m\n                \u001b[36m<div\u001b[39m\n                  \u001b[33maria-live\u001b[39m=\u001b[32m\"polite\"\u001b[39m\n                  \u001b[33mclass\u001b[39m=\u001b[32m\"status\"\u001b[39m\n                  \u001b[33mrole\u001b[39m=\u001b[32m\"status\"\u001b[39m\n                \u001b[36m>\u001b[39m\n                  \u001b[36m<span\u001b[39m\n                    \u001b[33mclass\u001b[39m=\u001b[32m\"statusLabel\"\u001b[39m\n                  \u001b[36m>\u001b[39m\n                    \u001b[0mStatus\u001b[0m\n                  \u001b[36m</span>\u001b[39m\n                  \u001b[36m<span\u001b[39m\n                    \u001b[33mclass\u001b[39m=\u001b[32m\"statusValue \"\u001b[39m\n                  \u001b[36m>\u001b[39m\n                    \u001b[0mTurn: X\u001b[0m\n                  \u001b[36m</span>\u001b[39m\n                \u001b[36m</div>\u001b[39m\n                \u001b[36m<div\u001b[39m\n                  \u001b[33maria-label\u001b[39m=\u001b[32m\"Current player\"\u001b[39m\n                  \u001b[33mclass\u001b[39m=\u001b[32m\"turnPills\"\u001b[39m\n                \u001b[36m>\u001b[39m\n                  \u001b[36m<span\u001b[39m\n                    \u001b[33mclass\u001b[39m=\u001b[32m\"pill pillActive\"\u001b[39m\n                  \u001b[36m>\u001b[39m\n                    \u001b[0mX\u001b[0m\n                  \u001b[36m</span>\u001b[39m\n                  \u001b[36m<span\u001b[39m\n                    \u001b[33mclass\u001b[39m=\u001b[32m\"pill \"\u001b[39m\n                  \u001b[36m>\u001b[39m\n                    \u001b[0mO\u001b[0m\n                  \u001b[36m</span>\u001b[39m\n                \u001b[36m</div>\u001b[39m\n              \u001b[36m</div>\u001b[39m\n              \u001b[36m<div\u001b[39m\n                \u001b[33mclass\u001b[39m=\u001b[32m\"boardWrap\"\u001b[39m\n              \u001b[36m>\u001b[39m\n                \u001b[36m<div\u001b[39m\n                  \u001b[33maria-label\u001b[39m=\u001b[32m\"Tic tac toe board\"\u001b[39m\n                  \u001b[33mclass\u001b[39m=\u001b[32m\"board\"\u001b[39m\n                  \u001b[33mrole\u001b[39m=\u001b[32m\"grid\"\u001b[39m\n                \u001b[36m>\u001b[39m\n                  \u001b[36m<button\u001b[39m\n                    \u001b[33maria-disabled\u001b[39m=\u001b[32m\"false\"\u001b[39m\n                    \u001b[33maria-label\u001b[39m=\u001b[32m\"Square 1\"\u001b[39m\n                    \u001b[33mclass\u001b[39m=\u001b[32m\"square  \"\u001b[39m\n                    \u001b[33mrole\u001b[39m=\u001b[32m\"gridcell\"\u001b[39m\n                    \u001b[33mtype\u001b[39m=\u001b[32m\"button\"\u001b[39m\n                  \u001b[36m>\u001b[39m\n                    \u001b[36m<span\u001b[39m\n                      \u001b[33maria-hidden\u001b[39m=\u001b[32m\"true\"\u001b[39m\n                      \u001b[33mclass\u001b[39m=\u001b[32m\"squareValue\"\u001b[39m\n                    \u001b[36m/>\u001b[39m\n                  \u001b[36m</button>\u001b[39m\n                  \u001b[36m<button\u001b[39m\n                    \u001b[33maria-disabled\u001b[39m=\u001b[32m\"false\"\u001b[39m\n                    \u001b[33maria-label\u001b[39m=\u001b[32m\"Square 2\"\u001b[39m\n                    \u001b[33mclass\u001b[39m=\u001b[32m\"square  \"\u001b[39m\n                    \u001b[33mrole\u001b[39m=\u001b[32m\"gridcell\"\u001b[39m\n                    \u001b[33mtype\u001b[39m=\u001b[32m\"button\"\u001b[39m\n                  \u001b[36m>\u001b[39m\n                    \u001b[36m<span\u001b[39m\n                      \u001b[33maria-hidden\u001b[39m=\u001b[32m\"true\"\u001b[39m\n                      \u001b[33mclass\u001b[39m=\u001b[32m\"squareValue\"\u001b[39m\n                    \u001b[36m/>\u001b[39m\n                  \u001b[36m</button>\u001b[39m\n                  \u001b[36m<button\u001b[39m\n                    \u001b[33maria-disabled\u001b[39m=\u001b[32m\"false\"\u001b[39m\n                    \u001b[33maria-label\u001b[39m=\u001b[32m\"Square 3\"\u001b[39m\n                    \u001b[33mclass\u001b[39m=\u001b[32m\"square  \"\u001b[39m\n                    \u001b[33mrole\u001b[39m=\u001b[32m\"gridcell\"\u001b[39m\n                    \u001b[33mtype\u001b[39m=\u001b[32m\"button\"\u001b[39m\n                  \u001b[36m>\u001b[39m\n                    \u001b[36m<span\u001b[39m\n                      \u001b[33maria-hidden\u001b[39m=\u001b[32m\"true\"\u001b[39m\n                      \u001b[33mclass\u001b[39m=\u001b[32m\"squareValue\"\u001b[39m\n                    \u001b[36m/>\u001b[39m\n                  \u001b[36m</button>\u001b[39m\n                  \u001b[36m<button\u001b[39m\n                    \u001b[33maria-disabled\u001b[39m=\u001b[32m\"false\"\u001b[39m\n                    \u001b[33maria-label\u001b[39m=\u001b[32m\"Square 4\"\u001b[39m\n                    \u001b[33mclass\u001b[39m=\u001b[32m\"square  \"\u001b[39m\n                    \u001b[33mrole\u001b[39m=\u001b[32m\"gridcell\"\u001b[39m\n                    \u001b[33mtype\u001b[39m=\u001b[32m\"button\"\u001b[39m\n                  \u001b[36m>\u001b[39m\n                    \u001b[36m<span\u001b[39m\n                      \u001b[33maria-hidden\u001b[39m=\u001b[32m\"true\"\u001b[39m\n                      \u001b[33mclass\u001b[39m=\u001b[32m\"squareValue\"\u001b[39m\n                    \u001b[36m/>\u001b[39m\n                  \u001b[36m</button>\u001b[39m\n                  \u001b[36m<button\u001b[39m\n                    \u001b[33maria-disabled\u001b[39m=\u001b[32m\"false\"\u001b[39m\n                    \u001b[33maria-label\u001b[39m=\u001b[32m\"Square 5\"\u001b[39m\n                    \u001b[33mclass\u001b[39m=\u001b[32m\"square  \"\u001b[39m\n                    \u001b[33mrole\u001b[39m=\u001b[32m\"gridcell\"\u001b[39m\n                    \u001b[33mtype\u001b[39m=\u001b[32m\"button\"\u001b[39m\n                  \u001b[36m>\u001b[39m\n                    \u001b[36m<span\u001b[39m\n                      \u001b[33maria-hidden\u001b[39m=\u001b[32m\"true\"\u001b[39m\n                      \u001b[33mclass\u001b[39m=\u001b[32m\"squareValue\"\u001b[39m\n                    \u001b[36m/>\u001b[39m\n                  \u001b[36m</button>\u001b[39m\n                  \u001b[36m<button\u001b[39m\n                    \u001b[33maria-disabled\u001b[39m=\u001b[32m\"false\"\u001b[39m\n                    \u001b[33maria-label\u001b[39m=\u001b[32m\"Square 6\"\u001b[39m\n                    \u001b[33mclass\u001b[39m=\u001b[32m\"square  \"\u001b[39m\n                    \u001b[33mrole\u001b[39m=\u001b[32m\"gridcell\"\u001b[39m\n                    \u001b[33mtype\u001b[39m=\u001b[32m\"button\"\u001b[39m\n                  \u001b[36m>\u001b[39m\n                    \u001b[36m<span\u001b[39m\n                      \u001b[33maria-hidden\u001b[39m=\u001b[32m\"true\"\u001b[39m\n                      \u001b[33mclass\u001b[39m=\u001b[32m\"squareValue\"\u001b[39m\n                    \u001b[36m/>\u001b[39m\n                  \u001b[36m</button>\u001b[39m\n                  \u001b[36m<button\u001b[39m\n                    \u001b[33maria-disabled\u001b[39m=\u001b[32m\"false\"\u001b[39m\n                    \u001b[33maria-label\u001b[39m=\u001b[32m\"Square 7\"\u001b[39m\n                    \u001b[33mclass\u001b[39m=\u001b[32m\"square  \"\u001b[39m\n                    \u001b[33mrole\u001b[39m=\u001b[32m\"gridcell\"\u001b[39m\n                    \u001b[33mtype\u001b[39m=\u001b[32m\"button\"\u001b[39m\n                  \u001b[36m>\u001b[39m\n                    \u001b[36m<span\u001b[39m\n                      \u001b[33maria-hidden\u001b[39m=\u001b[32m\"true\"\u001b[39m\n                      \u001b[33mclass\u001b[39m=\u001b[32m\"squareValue\"\u001b[39m\n                    \u001b[36m/>\u001b[39m\n                  \u001b[36m</button>\u001b[39m\n                  \u001b[36m<button\u001b[39m\n                    \u001b[33maria-disabled\u001b[39m=\u001b[32m\"false\"\u001b[39m\n                    \u001b[33maria-label\u001b[39m=\u001b[32m\"Square 8\"\u001b[39m\n                    \u001b[33mclass\u001b[39m=\u001b[32m\"square  \"\u001b[39m\n                    \u001b[33mrole\u001b[39m=\u001b[32m\"gridcell\"\u001b[39m\n                    \u001b[33mtype\u001b[39m=\u001b[32m\"button\"\u001b[39m\n                  \u001b[36m>\u001b[39m\n                    \u001b[36m<span\u001b[39m\n                      \u001b[33maria-hidden\u001b[39m=\u001b[32m\"true\"\u001b[39m\n                      \u001b[33mclass\u001b[39m=\u001b[32m\"squareValue\"\u001b[39m\n                    \u001b[36m/>\u001b[39m\n                  \u001b[36m</button>\u001b[39m\n                  \u001b[36m<button\u001b[39m\n                    \u001b[33maria-disabled\u001b[39m=\u001b[32m\"false\"\u001b[39m\n                    \u001b[33maria-label\u001b[39m=\u001b[32m\"Square 9\"\u001b[39m\n                    \u001b[33mclass\u001b[39m=\u001b[32m\"square  \"\u001b[39m\n                    \u001b[33mrole\u001b[39m=\u001b[32m\"gridcell\"\u001b[39m\n                    \u001b[33mtype\u001b[39m=\u001b[32m\"button\"\u001b[39m\n                  \u001b[36m>\u001b[39m\n                    \u001b[36m<span\u001b[39m\n                      \u001b[33maria-hidden\u001b[39m=\u001b[32m\"true\"\u001b[39m\n                      \u001b[33mclass\u001b[39m=\u001b[32m\"squareValue\"\u001b[39m\n                    \u001b[36m/>\u001b[39m\n                  \u001b[36m</button>\u001b[39m\n                \u001b[36m</div>\u001b[39m\n              \u001b[36m</div>\u001b[39m\n              \u001b[36m<div\u001b[39m\n                \u001b[33maria-label\u001b[39m=\u001b[32m\"Controls\"\u001b[39m\n                \u001b[33mclass\u001b[39m=\u001b[32m\"controls\"\u001b[39m\n              \u001b[36m>\u001b[39m\n                \u001b[36m<button\u001b[39m\n                  \u001b[33mclass\u001b[39m=\u001b[32m\"btn btnPrimary\"\u001b[39m\n                  \u001b[33mtype\u001b[39m=\u001b[32m\"button\"\u001b[39m\n                \u001b[36m>\u001b[39m\n                  \u001b[0mRestart\u001b[0m\n                \u001b[36m</button>\u001b[39m\n                \u001b[36m<button\u001b[39m\n                  \u001b[33mclass\u001b[39m=\u001b[32m\"btn btnSecondary\"\u001b[39m\n                  \u001b[33mtitle\u001b[39m=\u001b[32m\"Clear the board and alternate who starts\"\u001b[39m\n                  \u001b[33mtype\u001b[39m=\u001b[32m\"button\"\u001b[39m\n                \u001b[36m>\u001b[39m\n                  \u001b[0mNew game (alternate start)\u001b[0m\n                \u001b[36m</button>\u001b[39m\n              \u001b[36m</div>\u001b[39m\n              \u001b[36m<p\u001b[39m\n                \u001b[33mclass\u001b[39m=\u001b[32m\"helper\"\u001b[39m\n              \u001b[36m>\u001b[39m\n                \u001b[0mTip: You can use keyboard navigation (Tab) to focus squares and press Enter/Space to place a mark.\u001b[0m\n              \u001b[36m</p>\u001b[39m\n            \u001b[36m</section>\u001b[39m\n            \u001b[36m<footer\u001b[39m\n              \u001b[33mclass\u001b[39m=\u001b[32m\"footer\"\u001b[39m\n            \u001b[36m>\u001b[39m\n              \u001b[36m<span\u001b[39m\n                \u001b[33mclass\u001b[39m=\u001b[32m\"footerText\"\u001b[39m\n              \u001b[36m>\u001b[39m\n                \u001b[0mFrontend‑only • No network required\u001b[0m\n              \u001b[36m</span>\u001b[39m\n            \u001b[36m</footer>\u001b[39m\n          \u001b[36m</main>\u001b[39m\n        \u001b[36m</div>\u001b[39m\n      \u001b[36m</div>\u001b[39m\n    \u001b[36m</body>\u001b[39m\n\n    \u001b[0m \u001b[90m 13 |\u001b[39m   }\u001b[33m;\u001b[39m\n     \u001b[90m 14 |\u001b[39m\n    \u001b[31m\u001b[1m>\u001b[22m\u001b[39m\u001b[90m 15 |\u001b[39m   expect(screen\u001b[33m.\u001b[39mgetByText(titleMatcher))\u001b[33m.\u001b[39mtoBeInTheDocument()\u001b[33m;\u001b[39m\n     \u001b[90m    |\u001b[39m                 \u001b[31m\u001b[1m^\u001b[22m\u001b[39m\n     \u001b[90m 16 |\u001b[39m   expect(screen\u001b[33m.\u001b[39mgetByRole(\u001b[32m'button'\u001b[39m\u001b[33m,\u001b[39m { name\u001b[33m:\u001b[39m \u001b[35m/restart/i\u001b[39m }))\u001b[33m.\u001b[39mtoBeInTheDocument()\u001b[33m;\u001b[39m\n     \u001b[90m 17 |\u001b[39m })\u001b[33m;\u001b[39m\n     \u001b[90m 18 |\u001b[39m\u001b[0m\n\n      at Object.getElementError (node_modules/@testing-library/dom/dist/config.js:37:19)\n      at getElementError (node_modules/@testing-library/dom/dist/query-helpers.js:20:35)\n      at getMultipleElementsFoundError (node_modules/@testing-library/dom/dist/query-helpers.js:23:10)\n      at node_modules/@testing-library/dom/dist/query-helpers.js:55:13\n      at getByText (node_modules/@testing-library/dom/dist/query-helpers.js:95:19)\n      at Object.<anonymous> (src/App.test.js:15:17)\n      at TestScheduler.scheduleTests (node_modules/@jest/core/build/TestScheduler.js:333:13)\n      at runJest (node_modules/@jest/core/build/runJest.js:404:19)\n      at _run10000 (node_modules/@jest/core/build/cli/index.js:320:7)\n      at runCLI (node_modules/@jest/core/build/cli/index.js:173:3)\n","name":"/home/kavia/workspace/code-generation/tic-tac-toe-classic-329205-329219/tic_tac_toe_frontend/src/App.test.js","startTime":1772697168649,"status":"failed","summary":""}],"wasInterrupted":false}